The target system is: Android - 1 - aarch64
The host system is: Darwin - 20.3.0 - x86_64
Determining if the C compiler works passed with the following output:
Change Dir: /Users/wayne/project/fair-new/fair/android/.cxx/cmake/debug/arm64-v8a/CMakeFiles/CMakeTmp

Run Build Command:"/Users/wayne/Library/Android/sdk/cmake/3.6.4111459/bin/ninja" "cmTC_b8ac0"
[1/2] Building C object CMakeFiles/cmTC_b8ac0.dir/testCCompiler.c.o
[2/2] Linking C executable cmTC_b8ac0


Detecting C compiler ABI info compiled with the following output:
Change Dir: /Users/wayne/project/fair-new/fair/android/.cxx/cmake/debug/arm64-v8a/CMakeFiles/CMakeTmp

Run Build Command:"/Users/wayne/Library/Android/sdk/cmake/3.6.4111459/bin/ninja" "cmTC_0f60b"
[1/2] Building C object CMakeFiles/cmTC_0f60b.dir/CMakeCCompilerABI.c.o
[2/2] Linking C executable cmTC_0f60b
Android (7155654, based on r399163b1) clang version 11.0.5 (https://android.googlesource.com/toolchain/llvm-project 87f1315dfbea7c137aa2e6d362dbb457e388158d)
Target: aarch64-none-linux-android21
Thread model: posix
InstalledDir: /Users/wayne/Library/Android/sdk/ndk/22.1.7171670/toolchains/llvm/prebuilt/darwin-x86_64/bin
Found candidate GCC installation: /Users/wayne/Library/Android/sdk/ndk/22.1.7171670/toolchains/llvm/prebuilt/darwin-x86_64/lib/gcc/aarch64-linux-android/4.9.x
Selected GCC installation: /Users/wayne/Library/Android/sdk/ndk/22.1.7171670/toolchains/llvm/prebuilt/darwin-x86_64/lib/gcc/aarch64-linux-android/4.9.x
Candidate multilib: .;@m64
Selected multilib: .;@m64
 "/Users/wayne/Library/Android/sdk/ndk/22.1.7171670/toolchains/llvm/prebuilt/darwin-x86_64/bin/ld" --sysroot=/Users/wayne/Library/Android/sdk/ndk/22.1.7171670/toolchains/llvm/prebuilt/darwin-x86_64/sysroot -pie -z noexecstack -EL --fix-cortex-a53-843419 --warn-shared-textrel -z now -z relro -z max-page-size=4096 --hash-style=both --enable-new-dtags --eh-frame-hdr -m aarch64linux -dynamic-linker /system/bin/linker64 -o cmTC_0f60b /Users/wayne/Library/Android/sdk/ndk/22.1.7171670/toolchains/llvm/prebuilt/darwin-x86_64/sysroot/usr/lib/aarch64-linux-android/21/crtbegin_dynamic.o -L/Users/wayne/Library/Android/sdk/ndk/22.1.7171670/toolchains/llvm/prebuilt/darwin-x86_64/lib64/clang/11.0.5/lib/linux/aarch64 -L/Users/wayne/Library/Android/sdk/ndk/22.1.7171670/toolchains/llvm/prebuilt/darwin-x86_64/lib/gcc/aarch64-linux-android/4.9.x -L/Users/wayne/Library/Android/sdk/ndk/22.1.7171670/toolchains/llvm/prebuilt/darwin-x86_64/lib/gcc/aarch64-linux-android/4.9.x/../../../../aarch64-linux-android/lib/../lib64 -L/Users/wayne/Library/Android/sdk/ndk/22.1.7171670/toolchains/llvm/prebuilt/darwin-x86_64/sysroot/usr/lib/aarch64-linux-android/21 -L/Users/wayne/Library/Android/sdk/ndk/22.1.7171670/toolchains/llvm/prebuilt/darwin-x86_64/sysroot/usr/lib/aarch64-linux-android -L/Users/wayne/Library/Android/sdk/ndk/22.1.7171670/toolchains/llvm/prebuilt/darwin-x86_64/lib/gcc/aarch64-linux-android/4.9.x/../../../../aarch64-linux-android/lib -L/Users/wayne/Library/Android/sdk/ndk/22.1.7171670/toolchains/llvm/prebuilt/darwin-x86_64/sysroot/usr/lib --exclude-libs libgcc.a --exclude-libs libgcc_real.a --exclude-libs libatomic.a --build-id=sha1 --no-rosegment --fatal-warnings --no-undefined --gc-sections CMakeFiles/cmTC_0f60b.dir/CMakeCCompilerABI.c.o -lgcc -ldl -lc -lgcc -ldl /Users/wayne/Library/Android/sdk/ndk/22.1.7171670/toolchains/llvm/prebuilt/darwin-x86_64/sysroot/usr/lib/aarch64-linux-android/21/crtend_android.o


Parsed C implicit link information from above output:
  link line regex: [^( *|.*[/\])(CMAKE_LINKER-NOTFOUND|([^/\]+-)?ld|collect2)[^/\]*( |$)]
  ignore line: [Change Dir: /Users/wayne/project/fair-new/fair/android/.cxx/cmake/debug/arm64-v8a/CMakeFiles/CMakeTmp]
  ignore line: []
  ignore line: [Run Build Command:"/Users/wayne/Library/Android/sdk/cmake/3.6.4111459/bin/ninja" "cmTC_0f60b"]
  ignore line: [[1/2] Building C object CMakeFiles/cmTC_0f60b.dir/CMakeCCompilerABI.c.o]
  ignore line: [[2/2] Linking C executable cmTC_0f60b]
  ignore line: [Android (7155654, based on r399163b1) clang version 11.0.5 (https://android.googlesource.com/toolchain/llvm-project 87f1315dfbea7c137aa2e6d362dbb457e388158d)]
  ignore line: [Target: aarch64-none-linux-android21]
  ignore line: [Thread model: posix]
  ignore line: [InstalledDir: /Users/wayne/Library/Android/sdk/ndk/22.1.7171670/toolchains/llvm/prebuilt/darwin-x86_64/bin]
  ignore line: [Found candidate GCC installation: /Users/wayne/Library/Android/sdk/ndk/22.1.7171670/toolchains/llvm/prebuilt/darwin-x86_64/lib/gcc/aarch64-linux-android/4.9.x]
  ignore line: [Selected GCC installation: /Users/wayne/Library/Android/sdk/ndk/22.1.7171670/toolchains/llvm/prebuilt/darwin-x86_64/lib/gcc/aarch64-linux-android/4.9.x]
  ignore line: [Candidate multilib: .]
  ignore line: [@m64]
  ignore line: [Selected multilib: .]
  ignore line: [@m64]
  link line: [ "/Users/wayne/Library/Android/sdk/ndk/22.1.7171670/toolchains/llvm/prebuilt/darwin-x86_64/bin/ld" --sysroot=/Users/wayne/Library/Android/sdk/ndk/22.1.7171670/toolchains/llvm/prebuilt/darwin-x86_64/sysroot -pie -z noexecstack -EL --fix-cortex-a53-843419 --warn-shared-textrel -z now -z relro -z max-page-size=4096 --hash-style=both --enable-new-dtags --eh-frame-hdr -m aarch64linux -dynamic-linker /system/bin/linker64 -o cmTC_0f60b /Users/wayne/Library/Android/sdk/ndk/22.1.7171670/toolchains/llvm/prebuilt/darwin-x86_64/sysroot/usr/lib/aarch64-linux-android/21/crtbegin_dynamic.o -L/Users/wayne/Library/Android/sdk/ndk/22.1.7171670/toolchains/llvm/prebuilt/darwin-x86_64/lib64/clang/11.0.5/lib/linux/aarch64 -L/Users/wayne/Library/Android/sdk/ndk/22.1.7171670/toolchains/llvm/prebuilt/darwin-x86_64/lib/gcc/aarch64-linux-android/4.9.x -L/Users/wayne/Library/Android/sdk/ndk/22.1.7171670/toolchains/llvm/prebuilt/darwin-x86_64/lib/gcc/aarch64-linux-android/4.9.x/../../../../aarch64-linux-android/lib/../lib64 -L/Users/wayne/Library/Android/sdk/ndk/22.1.7171670/toolchains/llvm/prebuilt/darwin-x86_64/sysroot/usr/lib/aarch64-linux-android/21 -L/Users/wayne/Library/Android/sdk/ndk/22.1.7171670/toolchains/llvm/prebuilt/darwin-x86_64/sysroot/usr/lib/aarch64-linux-android -L/Users/wayne/Library/Android/sdk/ndk/22.1.7171670/toolchains/llvm/prebuilt/darwin-x86_64/lib/gcc/aarch64-linux-android/4.9.x/../../../../aarch64-linux-android/lib -L/Users/wayne/Library/Android/sdk/ndk/22.1.7171670/toolchains/llvm/prebuilt/darwin-x86_64/sysroot/usr/lib --exclude-libs libgcc.a --exclude-libs libgcc_real.a --exclude-libs libatomic.a --build-id=sha1 --no-rosegment --fatal-warnings --no-undefined --gc-sections CMakeFiles/cmTC_0f60b.dir/CMakeCCompilerABI.c.o -lgcc -ldl -lc -lgcc -ldl /Users/wayne/Library/Android/sdk/ndk/22.1.7171670/toolchains/llvm/prebuilt/darwin-x86_64/sysroot/usr/lib/aarch64-linux-android/21/crtend_android.o]
    arg [/Users/wayne/Library/Android/sdk/ndk/22.1.7171670/toolchains/llvm/prebuilt/darwin-x86_64/bin/ld] ==> ignore
    arg [--sysroot=/Users/wayne/Library/Android/sdk/ndk/22.1.7171670/toolchains/llvm/prebuilt/darwin-x86_64/sysroot] ==> ignore
    arg [-pie] ==> ignore
    arg [-znoexecstack] ==> ignore
    arg [-EL] ==> ignore
    arg [--fix-cortex-a53-843419] ==> ignore
    arg [--warn-shared-textrel] ==> ignore
    arg [-znow] ==> ignore
    arg [-zrelro] ==> ignore
    arg [-zmax-page-size=4096] ==> ignore
    arg [--hash-style=both] ==> ignore
    arg [--enable-new-dtags] ==> ignore
    arg [--eh-frame-hdr] ==> ignore
    arg [-m] ==> ignore
    arg [aarch64linux] ==> ignore
    arg [-dynamic-linker] ==> ignore
    arg [/system/bin/linker64] ==> ignore
    arg [-o] ==> ignore
    arg [cmTC_0f60b] ==> ignore
    arg [/Users/wayne/Library/Android/sdk/ndk/22.1.7171670/toolchains/llvm/prebuilt/darwin-x86_64/sysroot/usr/lib/aarch64-linux-android/21/crtbegin_dynamic.o] ==> ignore
    arg [-L/Users/wayne/Library/Android/sdk/ndk/22.1.7171670/toolchains/llvm/prebuilt/darwin-x86_64/lib64/clang/11.0.5/lib/linux/aarch64] ==> dir [/Users/wayne/Library/Android/sdk/ndk/22.1.7171670/toolchains/llvm/prebuilt/darwin-x86_64/lib64/clang/11.0.5/lib/linux/aarch64]
    arg [-L/Users/wayne/Library/Android/sdk/ndk/22.1.7171670/toolchains/llvm/prebuilt/darwin-x86_64/lib/gcc/aarch64-linux-android/4.9.x] ==> dir [/Users/wayne/Library/Android/sdk/ndk/22.1.7171670/toolchains/llvm/prebuilt/darwin-x86_64/lib/gcc/aarch64-linux-android/4.9.x]
    arg [-L/Users/wayne/Library/Android/sdk/ndk/22.1.7171670/toolchains/llvm/prebuilt/darwin-x86_64/lib/gcc/aarch64-linux-android/4.9.x/../../../../aarch64-linux-android/lib/../lib64] ==> dir [/Users/wayne/Library/Android/sdk/ndk/22.1.7171670/toolchains/llvm/prebuilt/darwin-x86_64/lib/gcc/aarch64-linux-android/4.9.x/../../../../aarch64-linux-android/lib/../lib64]
    arg [-L/Users/wayne/Library/Android/sdk/ndk/22.1.7171670/toolchains/llvm/prebuilt/darwin-x86_64/sysroot/usr/lib/aarch64-linux-android/21] ==> dir [/Users/wayne/Library/Android/sdk/ndk/22.1.7171670/toolchains/llvm/prebuilt/darwin-x86_64/sysroot/usr/lib/aarch64-linux-android/21]
    arg [-L/Users/wayne/Library/Android/sdk/ndk/22.1.7171670/toolchains/llvm/prebuilt/darwin-x86_64/sysroot/usr/lib/aarch64-linux-android] ==> dir [/Users/wayne/Library/Android/sdk/ndk/22.1.7171670/toolchains/llvm/prebuilt/darwin-x86_64/sysroot/usr/lib/aarch64-linux-android]
    arg [-L/Users/wayne/Library/Android/sdk/ndk/22.1.7171670/toolchains/llvm/prebuilt/darwin-x86_64/lib/gcc/aarch64-linux-android/4.9.x/../../../../aarch64-linux-android/lib] ==> dir [/Users/wayne/Library/Android/sdk/ndk/22.1.7171670/toolchains/llvm/prebuilt/darwin-x86_64/lib/gcc/aarch64-linux-android/4.9.x/../../../../aarch64-linux-android/lib]
    arg [-L/Users/wayne/Library/Android/sdk/ndk/22.1.7171670/toolchains/llvm/prebuilt/darwin-x86_64/sysroot/usr/lib] ==> dir [/Users/wayne/Library/Android/sdk/ndk/22.1.7171670/toolchains/llvm/prebuilt/darwin-x86_64/sysroot/usr/lib]
    arg [--exclude-libs] ==> ignore
    arg [libgcc.a] ==> ignore
    arg [--exclude-libs] ==> ignore
    arg [libgcc_real.a] ==> ignore
    arg [--exclude-libs] ==> ignore
    arg [libatomic.a] ==> ignore
    arg [--build-id=sha1] ==> ignore
    arg [--no-rosegment] ==> ignore
    arg [--fatal-warnings] ==> ignore
    arg [--no-undefined] ==> ignore
    arg [--gc-sections] ==> ignore
    arg [CMakeFiles/cmTC_0f60b.dir/CMakeCCompilerABI.c.o] ==> ignore
    arg [-lgcc] ==> lib [gcc]
    arg [-ldl] ==> lib [dl]
    arg [-lc] ==> lib [c]
    arg [-lgcc] ==> lib [gcc]
    arg [-ldl] ==> lib [dl]
    arg [/Users/wayne/Library/Android/sdk/ndk/22.1.7171670/toolchains/llvm/prebuilt/darwin-x86_64/sysroot/usr/lib/aarch64-linux-android/21/crtend_android.o] ==> ignore
  remove lib [gcc]
  remove lib [gcc]
  collapse library dir [/Users/wayne/Library/Android/sdk/ndk/22.1.7171670/toolchains/llvm/prebuilt/darwin-x86_64/lib64/clang/11.0.5/lib/linux/aarch64] ==> [/Users/wayne/Library/Android/sdk/ndk/22.1.7171670/toolchains/llvm/prebuilt/darwin-x86_64/lib64/clang/11.0.5/lib/linux/aarch64]
  collapse library dir [/Users/wayne/Library/Android/sdk/ndk/22.1.7171670/toolchains/llvm/prebuilt/darwin-x86_64/lib/gcc/aarch64-linux-android/4.9.x] ==> [/Users/wayne/Library/Android/sdk/ndk/22.1.7171670/toolchains/llvm/prebuilt/darwin-x86_64/lib/gcc/aarch64-linux-android/4.9.x]
  collapse library dir [/Users/wayne/Library/Android/sdk/ndk/22.1.7171670/toolchains/llvm/prebuilt/darwin-x86_64/lib/gcc/aarch64-linux-android/4.9.x/../../../../aarch64-linux-android/lib/../lib64] ==> [/Users/wayne/Library/Android/sdk/ndk/22.1.7171670/toolchains/llvm/prebuilt/darwin-x86_64/aarch64-linux-android/lib64]
  collapse library dir [/Users/wayne/Library/Android/sdk/ndk/22.1.7171670/toolchains/llvm/prebuilt/darwin-x86_64/sysroot/usr/lib/aarch64-linux-android/21] ==> [/Users/wayne/Library/Android/sdk/ndk/22.1.7171670/toolchains/llvm/prebuilt/darwin-x86_64/sysroot/usr/lib/aarch64-linux-android/21]
  collapse library dir [/Users/wayne/Library/Android/sdk/ndk/22.1.7171670/toolchains/llvm/prebuilt/darwin-x86_64/sysroot/usr/lib/aarch64-linux-android] ==> [/Users/wayne/Library/Android/sdk/ndk/22.1.7171670/toolchains/llvm/prebuilt/darwin-x86_64/sysroot/usr/lib/aarch64-linux-android]
  collapse library dir [/Users/wayne/Library/Android/sdk/ndk/22.1.7171670/toolchains/llvm/prebuilt/darwin-x86_64/lib/gcc/aarch64-linux-android/4.9.x/../../../../aarch64-linux-android/lib] ==> [/Users/wayne/Library/Android/sdk/ndk/22.1.7171670/toolchains/llvm/prebuilt/darwin-x86_64/aarch64-linux-android/lib]
  collapse library dir [/Users/wayne/Library/Android/sdk/ndk/22.1.7171670/toolchains/llvm/prebuilt/darwin-x86_64/sysroot/usr/lib] ==> [/Users/wayne/Library/Android/sdk/ndk/22.1.7171670/toolchains/llvm/prebuilt/darwin-x86_64/sysroot/usr/lib]
  implicit libs: [dl;c;dl]
  implicit dirs: [/Users/wayne/Library/Android/sdk/ndk/22.1.7171670/toolchains/llvm/prebuilt/darwin-x86_64/lib64/clang/11.0.5/lib/linux/aarch64;/Users/wayne/Library/Android/sdk/ndk/22.1.7171670/toolchains/llvm/prebuilt/darwin-x86_64/lib/gcc/aarch64-linux-android/4.9.x;/Users/wayne/Library/Android/sdk/ndk/22.1.7171670/toolchains/llvm/prebuilt/darwin-x86_64/aarch64-linux-android/lib64;/Users/wayne/Library/Android/sdk/ndk/22.1.7171670/toolchains/llvm/prebuilt/darwin-x86_64/sysroot/usr/lib/aarch64-linux-android/21;/Users/wayne/Library/Android/sdk/ndk/22.1.7171670/toolchains/llvm/prebuilt/darwin-x86_64/sysroot/usr/lib/aarch64-linux-android;/Users/wayne/Library/Android/sdk/ndk/22.1.7171670/toolchains/llvm/prebuilt/darwin-x86_64/aarch64-linux-android/lib;/Users/wayne/Library/Android/sdk/ndk/22.1.7171670/toolchains/llvm/prebuilt/darwin-x86_64/sysroot/usr/lib]
  implicit fwks: []




Detecting C [-std=c11] compiler features compiled with the following output:
Change Dir: /Users/wayne/project/fair-new/fair/android/.cxx/cmake/debug/arm64-v8a/CMakeFiles/CMakeTmp

Run Build Command:"/Users/wayne/Library/Android/sdk/cmake/3.6.4111459/bin/ninja" "cmTC_b22ff"
[1/2] Building C object CMakeFiles/cmTC_b22ff.dir/feature_tests.c.o
[2/2] Linking C executable cmTC_b22ff


    Feature record: C_FEATURE:1c_function_prototypes
    Feature record: C_FEATURE:1c_restrict
    Feature record: C_FEATURE:1c_static_assert
    Feature record: C_FEATURE:1c_variadic_macros


Detecting C [-std=c99] compiler features compiled with the following output:
Change Dir: /Users/wayne/project/fair-new/fair/android/.cxx/cmake/debug/arm64-v8a/CMakeFiles/CMakeTmp

Run Build Command:"/Users/wayne/Library/Android/sdk/cmake/3.6.4111459/bin/ninja" "cmTC_bd47e"
[1/2] Building C object CMakeFiles/cmTC_bd47e.dir/feature_tests.c.o
[2/2] Linking C executable cmTC_bd47e


    Feature record: C_FEATURE:1c_function_prototypes
    Feature record: C_FEATURE:1c_restrict
    Feature record: C_FEATURE:0c_static_assert
    Feature record: C_FEATURE:1c_variadic_macros


Detecting C [-std=c90] compiler features compiled with the following output:
Change Dir: /Users/wayne/project/fair-new/fair/android/.cxx/cmake/debug/arm64-v8a/CMakeFiles/CMakeTmp

Run Build Command:"/Users/wayne/Library/Android/sdk/cmake/3.6.4111459/bin/ninja" "cmTC_b53c5"
[1/2] Building C object CMakeFiles/cmTC_b53c5.dir/feature_tests.c.o
[2/2] Linking C executable cmTC_b53c5


    Feature record: C_FEATURE:1c_function_prototypes
    Feature record: C_FEATURE:0c_restrict
    Feature record: C_FEATURE:0c_static_assert
    Feature record: C_FEATURE:0c_variadic_macros
Determining if the CXX compiler works passed with the following output:
Change Dir: /Users/wayne/project/fair-new/fair/android/.cxx/cmake/debug/arm64-v8a/CMakeFiles/CMakeTmp

Run Build Command:"/Users/wayne/Library/Android/sdk/cmake/3.6.4111459/bin/ninja" "cmTC_ac2d8"
[1/2] Building CXX object CMakeFiles/cmTC_ac2d8.dir/testCXXCompiler.cxx.o
[2/2] Linking CXX executable cmTC_ac2d8


Detecting CXX compiler ABI info compiled with the following output:
Change Dir: /Users/wayne/project/fair-new/fair/android/.cxx/cmake/debug/arm64-v8a/CMakeFiles/CMakeTmp

Run Build Command:"/Users/wayne/Library/Android/sdk/cmake/3.6.4111459/bin/ninja" "cmTC_37441"
[1/2] Building CXX object CMakeFiles/cmTC_37441.dir/CMakeCXXCompilerABI.cpp.o
[2/2] Linking CXX executable cmTC_37441
Android (7155654, based on r399163b1) clang version 11.0.5 (https://android.googlesource.com/toolchain/llvm-project 87f1315dfbea7c137aa2e6d362dbb457e388158d)
Target: aarch64-none-linux-android21
Thread model: posix
InstalledDir: /Users/wayne/Library/Android/sdk/ndk/22.1.7171670/toolchains/llvm/prebuilt/darwin-x86_64/bin
Found candidate GCC installation: /Users/wayne/Library/Android/sdk/ndk/22.1.7171670/toolchains/llvm/prebuilt/darwin-x86_64/lib/gcc/aarch64-linux-android/4.9.x
Selected GCC installation: /Users/wayne/Library/Android/sdk/ndk/22.1.7171670/toolchains/llvm/prebuilt/darwin-x86_64/lib/gcc/aarch64-linux-android/4.9.x
Candidate multilib: .;@m64
Selected multilib: .;@m64
 "/Users/wayne/Library/Android/sdk/ndk/22.1.7171670/toolchains/llvm/prebuilt/darwin-x86_64/bin/ld" --sysroot=/Users/wayne/Library/Android/sdk/ndk/22.1.7171670/toolchains/llvm/prebuilt/darwin-x86_64/sysroot -pie -z noexecstack -EL --fix-cortex-a53-843419 --warn-shared-textrel -z now -z relro -z max-page-size=4096 --hash-style=both --enable-new-dtags --eh-frame-hdr -m aarch64linux -dynamic-linker /system/bin/linker64 -o cmTC_37441 /Users/wayne/Library/Android/sdk/ndk/22.1.7171670/toolchains/llvm/prebuilt/darwin-x86_64/sysroot/usr/lib/aarch64-linux-android/21/crtbegin_dynamic.o -L/Users/wayne/Library/Android/sdk/ndk/22.1.7171670/toolchains/llvm/prebuilt/darwin-x86_64/lib64/clang/11.0.5/lib/linux/aarch64 -L/Users/wayne/Library/Android/sdk/ndk/22.1.7171670/toolchains/llvm/prebuilt/darwin-x86_64/lib/gcc/aarch64-linux-android/4.9.x -L/Users/wayne/Library/Android/sdk/ndk/22.1.7171670/toolchains/llvm/prebuilt/darwin-x86_64/lib/gcc/aarch64-linux-android/4.9.x/../../../../aarch64-linux-android/lib/../lib64 -L/Users/wayne/Library/Android/sdk/ndk/22.1.7171670/toolchains/llvm/prebuilt/darwin-x86_64/sysroot/usr/lib/aarch64-linux-android/21 -L/Users/wayne/Library/Android/sdk/ndk/22.1.7171670/toolchains/llvm/prebuilt/darwin-x86_64/sysroot/usr/lib/aarch64-linux-android -L/Users/wayne/Library/Android/sdk/ndk/22.1.7171670/toolchains/llvm/prebuilt/darwin-x86_64/lib/gcc/aarch64-linux-android/4.9.x/../../../../aarch64-linux-android/lib -L/Users/wayne/Library/Android/sdk/ndk/22.1.7171670/toolchains/llvm/prebuilt/darwin-x86_64/sysroot/usr/lib --exclude-libs libgcc.a --exclude-libs libgcc_real.a --exclude-libs libatomic.a --build-id=sha1 --no-rosegment --fatal-warnings --no-undefined --gc-sections CMakeFiles/cmTC_37441.dir/CMakeCXXCompilerABI.cpp.o -Bstatic -lc++ -Bdynamic -lm -lgcc -ldl -lc -lgcc -ldl /Users/wayne/Library/Android/sdk/ndk/22.1.7171670/toolchains/llvm/prebuilt/darwin-x86_64/sysroot/usr/lib/aarch64-linux-android/21/crtend_android.o


Parsed CXX implicit link information from above output:
  link line regex: [^( *|.*[/\])(CMAKE_LINKER-NOTFOUND|([^/\]+-)?ld|collect2)[^/\]*( |$)]
  ignore line: [Change Dir: /Users/wayne/project/fair-new/fair/android/.cxx/cmake/debug/arm64-v8a/CMakeFiles/CMakeTmp]
  ignore line: []
  ignore line: [Run Build Command:"/Users/wayne/Library/Android/sdk/cmake/3.6.4111459/bin/ninja" "cmTC_37441"]
  ignore line: [[1/2] Building CXX object CMakeFiles/cmTC_37441.dir/CMakeCXXCompilerABI.cpp.o]
  ignore line: [[2/2] Linking CXX executable cmTC_37441]
  ignore line: [Android (7155654, based on r399163b1) clang version 11.0.5 (https://android.googlesource.com/toolchain/llvm-project 87f1315dfbea7c137aa2e6d362dbb457e388158d)]
  ignore line: [Target: aarch64-none-linux-android21]
  ignore line: [Thread model: posix]
  ignore line: [InstalledDir: /Users/wayne/Library/Android/sdk/ndk/22.1.7171670/toolchains/llvm/prebuilt/darwin-x86_64/bin]
  ignore line: [Found candidate GCC installation: /Users/wayne/Library/Android/sdk/ndk/22.1.7171670/toolchains/llvm/prebuilt/darwin-x86_64/lib/gcc/aarch64-linux-android/4.9.x]
  ignore line: [Selected GCC installation: /Users/wayne/Library/Android/sdk/ndk/22.1.7171670/toolchains/llvm/prebuilt/darwin-x86_64/lib/gcc/aarch64-linux-android/4.9.x]
  ignore line: [Candidate multilib: .]
  ignore line: [@m64]
  ignore line: [Selected multilib: .]
  ignore line: [@m64]
  link line: [ "/Users/wayne/Library/Android/sdk/ndk/22.1.7171670/toolchains/llvm/prebuilt/darwin-x86_64/bin/ld" --sysroot=/Users/wayne/Library/Android/sdk/ndk/22.1.7171670/toolchains/llvm/prebuilt/darwin-x86_64/sysroot -pie -z noexecstack -EL --fix-cortex-a53-843419 --warn-shared-textrel -z now -z relro -z max-page-size=4096 --hash-style=both --enable-new-dtags --eh-frame-hdr -m aarch64linux -dynamic-linker /system/bin/linker64 -o cmTC_37441 /Users/wayne/Library/Android/sdk/ndk/22.1.7171670/toolchains/llvm/prebuilt/darwin-x86_64/sysroot/usr/lib/aarch64-linux-android/21/crtbegin_dynamic.o -L/Users/wayne/Library/Android/sdk/ndk/22.1.7171670/toolchains/llvm/prebuilt/darwin-x86_64/lib64/clang/11.0.5/lib/linux/aarch64 -L/Users/wayne/Library/Android/sdk/ndk/22.1.7171670/toolchains/llvm/prebuilt/darwin-x86_64/lib/gcc/aarch64-linux-android/4.9.x -L/Users/wayne/Library/Android/sdk/ndk/22.1.7171670/toolchains/llvm/prebuilt/darwin-x86_64/lib/gcc/aarch64-linux-android/4.9.x/../../../../aarch64-linux-android/lib/../lib64 -L/Users/wayne/Library/Android/sdk/ndk/22.1.7171670/toolchains/llvm/prebuilt/darwin-x86_64/sysroot/usr/lib/aarch64-linux-android/21 -L/Users/wayne/Library/Android/sdk/ndk/22.1.7171670/toolchains/llvm/prebuilt/darwin-x86_64/sysroot/usr/lib/aarch64-linux-android -L/Users/wayne/Library/Android/sdk/ndk/22.1.7171670/toolchains/llvm/prebuilt/darwin-x86_64/lib/gcc/aarch64-linux-android/4.9.x/../../../../aarch64-linux-android/lib -L/Users/wayne/Library/Android/sdk/ndk/22.1.7171670/toolchains/llvm/prebuilt/darwin-x86_64/sysroot/usr/lib --exclude-libs libgcc.a --exclude-libs libgcc_real.a --exclude-libs libatomic.a --build-id=sha1 --no-rosegment --fatal-warnings --no-undefined --gc-sections CMakeFiles/cmTC_37441.dir/CMakeCXXCompilerABI.cpp.o -Bstatic -lc++ -Bdynamic -lm -lgcc -ldl -lc -lgcc -ldl /Users/wayne/Library/Android/sdk/ndk/22.1.7171670/toolchains/llvm/prebuilt/darwin-x86_64/sysroot/usr/lib/aarch64-linux-android/21/crtend_android.o]
    arg [/Users/wayne/Library/Android/sdk/ndk/22.1.7171670/toolchains/llvm/prebuilt/darwin-x86_64/bin/ld] ==> ignore
    arg [--sysroot=/Users/wayne/Library/Android/sdk/ndk/22.1.7171670/toolchains/llvm/prebuilt/darwin-x86_64/sysroot] ==> ignore
    arg [-pie] ==> ignore
    arg [-znoexecstack] ==> ignore
    arg [-EL] ==> ignore
    arg [--fix-cortex-a53-843419] ==> ignore
    arg [--warn-shared-textrel] ==> ignore
    arg [-znow] ==> ignore
    arg [-zrelro] ==> ignore
    arg [-zmax-page-size=4096] ==> ignore
    arg [--hash-style=both] ==> ignore
    arg [--enable-new-dtags] ==> ignore
    arg [--eh-frame-hdr] ==> ignore
    arg [-m] ==> ignore
    arg [aarch64linux] ==> ignore
    arg [-dynamic-linker] ==> ignore
    arg [/system/bin/linker64] ==> ignore
    arg [-o] ==> ignore
    arg [cmTC_37441] ==> ignore
    arg [/Users/wayne/Library/Android/sdk/ndk/22.1.7171670/toolchains/llvm/prebuilt/darwin-x86_64/sysroot/usr/lib/aarch64-linux-android/21/crtbegin_dynamic.o] ==> ignore
    arg [-L/Users/wayne/Library/Android/sdk/ndk/22.1.7171670/toolchains/llvm/prebuilt/darwin-x86_64/lib64/clang/11.0.5/lib/linux/aarch64] ==> dir [/Users/wayne/Library/Android/sdk/ndk/22.1.7171670/toolchains/llvm/prebuilt/darwin-x86_64/lib64/clang/11.0.5/lib/linux/aarch64]
    arg [-L/Users/wayne/Library/Android/sdk/ndk/22.1.7171670/toolchains/llvm/prebuilt/darwin-x86_64/lib/gcc/aarch64-linux-android/4.9.x] ==> dir [/Users/wayne/Library/Android/sdk/ndk/22.1.7171670/toolchains/llvm/prebuilt/darwin-x86_64/lib/gcc/aarch64-linux-android/4.9.x]
    arg [-L/Users/wayne/Library/Android/sdk/ndk/22.1.7171670/toolchains/llvm/prebuilt/darwin-x86_64/lib/gcc/aarch64-linux-android/4.9.x/../../../../aarch64-linux-android/lib/../lib64] ==> dir [/Users/wayne/Library/Android/sdk/ndk/22.1.7171670/toolchains/llvm/prebuilt/darwin-x86_64/lib/gcc/aarch64-linux-android/4.9.x/../../../../aarch64-linux-android/lib/../lib64]
    arg [-L/Users/wayne/Library/Android/sdk/ndk/22.1.7171670/toolchains/llvm/prebuilt/darwin-x86_64/sysroot/usr/lib/aarch64-linux-android/21] ==> dir [/Users/wayne/Library/Android/sdk/ndk/22.1.7171670/toolchains/llvm/prebuilt/darwin-x86_64/sysroot/usr/lib/aarch64-linux-android/21]
    arg [-L/Users/wayne/Library/Android/sdk/ndk/22.1.7171670/toolchains/llvm/prebuilt/darwin-x86_64/sysroot/usr/lib/aarch64-linux-android] ==> dir [/Users/wayne/Library/Android/sdk/ndk/22.1.7171670/toolchains/llvm/prebuilt/darwin-x86_64/sysroot/usr/lib/aarch64-linux-android]
    arg [-L/Users/wayne/Library/Android/sdk/ndk/22.1.7171670/toolchains/llvm/prebuilt/darwin-x86_64/lib/gcc/aarch64-linux-android/4.9.x/../../../../aarch64-linux-android/lib] ==> dir [/Users/wayne/Library/Android/sdk/ndk/22.1.7171670/toolchains/llvm/prebuilt/darwin-x86_64/lib/gcc/aarch64-linux-android/4.9.x/../../../../aarch64-linux-android/lib]
    arg [-L/Users/wayne/Library/Android/sdk/ndk/22.1.7171670/toolchains/llvm/prebuilt/darwin-x86_64/sysroot/usr/lib] ==> dir [/Users/wayne/Library/Android/sdk/ndk/22.1.7171670/toolchains/llvm/prebuilt/darwin-x86_64/sysroot/usr/lib]
    arg [--exclude-libs] ==> ignore
    arg [libgcc.a] ==> ignore
    arg [--exclude-libs] ==> ignore
    arg [libgcc_real.a] ==> ignore
    arg [--exclude-libs] ==> ignore
    arg [libatomic.a] ==> ignore
    arg [--build-id=sha1] ==> ignore
    arg [--no-rosegment] ==> ignore
    arg [--fatal-warnings] ==> ignore
    arg [--no-undefined] ==> ignore
    arg [--gc-sections] ==> ignore
    arg [CMakeFiles/cmTC_37441.dir/CMakeCXXCompilerABI.cpp.o] ==> ignore
    arg [-Bstatic] ==> ignore
    arg [-lc++] ==> lib [c++]
    arg [-Bdynamic] ==> ignore
    arg [-lm] ==> lib [m]
    arg [-lgcc] ==> lib [gcc]
    arg [-ldl] ==> lib [dl]
    arg [-lc] ==> lib [c]
    arg [-lgcc] ==> lib [gcc]
    arg [-ldl] ==> lib [dl]
    arg [/Users/wayne/Library/Android/sdk/ndk/22.1.7171670/toolchains/llvm/prebuilt/darwin-x86_64/sysroot/usr/lib/aarch64-linux-android/21/crtend_android.o] ==> ignore
  remove lib [gcc]
  remove lib [gcc]
  collapse library dir [/Users/wayne/Library/Android/sdk/ndk/22.1.7171670/toolchains/llvm/prebuilt/darwin-x86_64/lib64/clang/11.0.5/lib/linux/aarch64] ==> [/Users/wayne/Library/Android/sdk/ndk/22.1.7171670/toolchains/llvm/prebuilt/darwin-x86_64/lib64/clang/11.0.5/lib/linux/aarch64]
  collapse library dir [/Users/wayne/Library/Android/sdk/ndk/22.1.7171670/toolchains/llvm/prebuilt/darwin-x86_64/lib/gcc/aarch64-linux-android/4.9.x] ==> [/Users/wayne/Library/Android/sdk/ndk/22.1.7171670/toolchains/llvm/prebuilt/darwin-x86_64/lib/gcc/aarch64-linux-android/4.9.x]
  collapse library dir [/Users/wayne/Library/Android/sdk/ndk/22.1.7171670/toolchains/llvm/prebuilt/darwin-x86_64/lib/gcc/aarch64-linux-android/4.9.x/../../../../aarch64-linux-android/lib/../lib64] ==> [/Users/wayne/Library/Android/sdk/ndk/22.1.7171670/toolchains/llvm/prebuilt/darwin-x86_64/aarch64-linux-android/lib64]
  collapse library dir [/Users/wayne/Library/Android/sdk/ndk/22.1.7171670/toolchains/llvm/prebuilt/darwin-x86_64/sysroot/usr/lib/aarch64-linux-android/21] ==> [/Users/wayne/Library/Android/sdk/ndk/22.1.7171670/toolchains/llvm/prebuilt/darwin-x86_64/sysroot/usr/lib/aarch64-linux-android/21]
  collapse library dir [/Users/wayne/Library/Android/sdk/ndk/22.1.7171670/toolchains/llvm/prebuilt/darwin-x86_64/sysroot/usr/lib/aarch64-linux-android] ==> [/Users/wayne/Library/Android/sdk/ndk/22.1.7171670/toolchains/llvm/prebuilt/darwin-x86_64/sysroot/usr/lib/aarch64-linux-android]
  collapse library dir [/Users/wayne/Library/Android/sdk/ndk/22.1.7171670/toolchains/llvm/prebuilt/darwin-x86_64/lib/gcc/aarch64-linux-android/4.9.x/../../../../aarch64-linux-android/lib] ==> [/Users/wayne/Library/Android/sdk/ndk/22.1.7171670/toolchains/llvm/prebuilt/darwin-x86_64/aarch64-linux-android/lib]
  collapse library dir [/Users/wayne/Library/Android/sdk/ndk/22.1.7171670/toolchains/llvm/prebuilt/darwin-x86_64/sysroot/usr/lib] ==> [/Users/wayne/Library/Android/sdk/ndk/22.1.7171670/toolchains/llvm/prebuilt/darwin-x86_64/sysroot/usr/lib]
  implicit libs: [c++;m;dl;c;dl]
  implicit dirs: [/Users/wayne/Library/Android/sdk/ndk/22.1.7171670/toolchains/llvm/prebuilt/darwin-x86_64/lib64/clang/11.0.5/lib/linux/aarch64;/Users/wayne/Library/Android/sdk/ndk/22.1.7171670/toolchains/llvm/prebuilt/darwin-x86_64/lib/gcc/aarch64-linux-android/4.9.x;/Users/wayne/Library/Android/sdk/ndk/22.1.7171670/toolchains/llvm/prebuilt/darwin-x86_64/aarch64-linux-android/lib64;/Users/wayne/Library/Android/sdk/ndk/22.1.7171670/toolchains/llvm/prebuilt/darwin-x86_64/sysroot/usr/lib/aarch64-linux-android/21;/Users/wayne/Library/Android/sdk/ndk/22.1.7171670/toolchains/llvm/prebuilt/darwin-x86_64/sysroot/usr/lib/aarch64-linux-android;/Users/wayne/Library/Android/sdk/ndk/22.1.7171670/toolchains/llvm/prebuilt/darwin-x86_64/aarch64-linux-android/lib;/Users/wayne/Library/Android/sdk/ndk/22.1.7171670/toolchains/llvm/prebuilt/darwin-x86_64/sysroot/usr/lib]
  implicit fwks: []




Detecting CXX [-std=c++14] compiler features compiled with the following output:
Change Dir: /Users/wayne/project/fair-new/fair/android/.cxx/cmake/debug/arm64-v8a/CMakeFiles/CMakeTmp

Run Build Command:"/Users/wayne/Library/Android/sdk/cmake/3.6.4111459/bin/ninja" "cmTC_d4f19"
[1/2] Building CXX object CMakeFiles/cmTC_d4f19.dir/feature_tests.cxx.o
[2/2] Linking CXX executable cmTC_d4f19


    Feature record: CXX_FEATURE:1cxx_aggregate_default_initializers
    Feature record: CXX_FEATURE:1cxx_alias_templates
    Feature record: CXX_FEATURE:1cxx_alignas
    Feature record: CXX_FEATURE:1cxx_alignof
    Feature record: CXX_FEATURE:1cxx_attributes
    Feature record: CXX_FEATURE:1cxx_attribute_deprecated
    Feature record: CXX_FEATURE:1cxx_auto_type
    Feature record: CXX_FEATURE:1cxx_binary_literals
    Feature record: CXX_FEATURE:1cxx_constexpr
    Feature record: CXX_FEATURE:1cxx_contextual_conversions
    Feature record: CXX_FEATURE:1cxx_decltype
    Feature record: CXX_FEATURE:1cxx_decltype_auto
    Feature record: CXX_FEATURE:1cxx_decltype_incomplete_return_types
    Feature record: CXX_FEATURE:1cxx_default_function_template_args
    Feature record: CXX_FEATURE:1cxx_defaulted_functions
    Feature record: CXX_FEATURE:1cxx_defaulted_move_initializers
    Feature record: CXX_FEATURE:1cxx_delegating_constructors
    Feature record: CXX_FEATURE:1cxx_deleted_functions
    Feature record: CXX_FEATURE:1cxx_digit_separators
    Feature record: CXX_FEATURE:1cxx_enum_forward_declarations
    Feature record: CXX_FEATURE:1cxx_explicit_conversions
    Feature record: CXX_FEATURE:1cxx_extended_friend_declarations
    Feature record: CXX_FEATURE:1cxx_extern_templates
    Feature record: CXX_FEATURE:1cxx_final
    Feature record: CXX_FEATURE:1cxx_func_identifier
    Feature record: CXX_FEATURE:1cxx_generalized_initializers
    Feature record: CXX_FEATURE:1cxx_generic_lambdas
    Feature record: CXX_FEATURE:1cxx_inheriting_constructors
    Feature record: CXX_FEATURE:1cxx_inline_namespaces
    Feature record: CXX_FEATURE:1cxx_lambdas
    Feature record: CXX_FEATURE:1cxx_lambda_init_captures
    Feature record: CXX_FEATURE:1cxx_local_type_template_args
    Feature record: CXX_FEATURE:1cxx_long_long_type
    Feature record: CXX_FEATURE:1cxx_noexcept
    Feature record: CXX_FEATURE:1cxx_nonstatic_member_init
    Feature record: CXX_FEATURE:1cxx_nullptr
    Feature record: CXX_FEATURE:1cxx_override
    Feature record: CXX_FEATURE:1cxx_range_for
    Feature record: CXX_FEATURE:1cxx_raw_string_literals
    Feature record: CXX_FEATURE:1cxx_reference_qualified_functions
    Feature record: CXX_FEATURE:1cxx_relaxed_constexpr
    Feature record: CXX_FEATURE:1cxx_return_type_deduction
    Feature record: CXX_FEATURE:1cxx_right_angle_brackets
    Feature record: CXX_FEATURE:1cxx_rvalue_references
    Feature record: CXX_FEATURE:1cxx_sizeof_member
    Feature record: CXX_FEATURE:1cxx_static_assert
    Feature record: CXX_FEATURE:1cxx_strong_enums
    Feature record: CXX_FEATURE:1cxx_template_template_parameters
    Feature record: CXX_FEATURE:1cxx_thread_local
    Feature record: CXX_FEATURE:1cxx_trailing_return_types
    Feature record: CXX_FEATURE:1cxx_unicode_literals
    Feature record: CXX_FEATURE:1cxx_uniform_initialization
    Feature record: CXX_FEATURE:1cxx_unrestricted_unions
    Feature record: CXX_FEATURE:1cxx_user_literals
    Feature record: CXX_FEATURE:1cxx_variable_templates
    Feature record: CXX_FEATURE:1cxx_variadic_macros
    Feature record: CXX_FEATURE:1cxx_variadic_templates


Detecting CXX [-std=c++11] compiler features compiled with the following output:
Change Dir: /Users/wayne/project/fair-new/fair/android/.cxx/cmake/debug/arm64-v8a/CMakeFiles/CMakeTmp

Run Build Command:"/Users/wayne/Library/Android/sdk/cmake/3.6.4111459/bin/ninja" "cmTC_ee8b0"
[1/2] Building CXX object CMakeFiles/cmTC_ee8b0.dir/feature_tests.cxx.o
[2/2] Linking CXX executable cmTC_ee8b0


    Feature record: CXX_FEATURE:0cxx_aggregate_default_initializers
    Feature record: CXX_FEATURE:1cxx_alias_templates
    Feature record: CXX_FEATURE:1cxx_alignas
    Feature record: CXX_FEATURE:1cxx_alignof
    Feature record: CXX_FEATURE:1cxx_attributes
    Feature record: CXX_FEATURE:0cxx_attribute_deprecated
    Feature record: CXX_FEATURE:1cxx_auto_type
    Feature record: CXX_FEATURE:0cxx_binary_literals
    Feature record: CXX_FEATURE:1cxx_constexpr
    Feature record: CXX_FEATURE:0cxx_contextual_conversions
    Feature record: CXX_FEATURE:1cxx_decltype
    Feature record: CXX_FEATURE:0cxx_decltype_auto
    Feature record: CXX_FEATURE:1cxx_decltype_incomplete_return_types
    Feature record: CXX_FEATURE:1cxx_default_function_template_args
    Feature record: CXX_FEATURE:1cxx_defaulted_functions
    Feature record: CXX_FEATURE:1cxx_defaulted_move_initializers
    Feature record: CXX_FEATURE:1cxx_delegating_constructors
    Feature record: CXX_FEATURE:1cxx_deleted_functions
    Feature record: CXX_FEATURE:0cxx_digit_separators
    Feature record: CXX_FEATURE:1cxx_enum_forward_declarations
    Feature record: CXX_FEATURE:1cxx_explicit_conversions
    Feature record: CXX_FEATURE:1cxx_extended_friend_declarations
    Feature record: CXX_FEATURE:1cxx_extern_templates
    Feature record: CXX_FEATURE:1cxx_final
    Feature record: CXX_FEATURE:1cxx_func_identifier
    Feature record: CXX_FEATURE:1cxx_generalized_initializers
    Feature record: CXX_FEATURE:0cxx_generic_lambdas
    Feature record: CXX_FEATURE:1cxx_inheriting_constructors
    Feature record: CXX_FEATURE:1cxx_inline_namespaces
    Feature record: CXX_FEATURE:1cxx_lambdas
    Feature record: CXX_FEATURE:0cxx_lambda_init_captures
    Feature record: CXX_FEATURE:1cxx_local_type_template_args
    Feature record: CXX_FEATURE:1cxx_long_long_type
    Feature record: CXX_FEATURE:1cxx_noexcept
    Feature record: CXX_FEATURE:1cxx_nonstatic_member_init
    Feature record: CXX_FEATURE:1cxx_nullptr
    Feature record: CXX_FEATURE:1cxx_override
    Feature record: CXX_FEATURE:1cxx_range_for
    Feature record: CXX_FEATURE:1cxx_raw_string_literals
    Feature record: CXX_FEATURE:1cxx_reference_qualified_functions
    Feature record: CXX_FEATURE:0cxx_relaxed_constexpr
    Feature record: CXX_FEATURE:0cxx_return_type_deduction
    Feature record: CXX_FEATURE:1cxx_right_angle_brackets
    Feature record: CXX_FEATURE:1cxx_rvalue_references
    Feature record: CXX_FEATURE:1cxx_sizeof_member
    Feature record: CXX_FEATURE:1cxx_static_assert
    Feature record: CXX_FEATURE:1cxx_strong_enums
    Feature record: CXX_FEATURE:1cxx_template_template_parameters
    Feature record: CXX_FEATURE:1cxx_thread_local
    Feature record: CXX_FEATURE:1cxx_trailing_return_types
    Feature record: CXX_FEATURE:1cxx_unicode_literals
    Feature record: CXX_FEATURE:1cxx_uniform_initialization
    Feature record: CXX_FEATURE:1cxx_unrestricted_unions
    Feature record: CXX_FEATURE:1cxx_user_literals
    Feature record: CXX_FEATURE:0cxx_variable_templates
    Feature record: CXX_FEATURE:1cxx_variadic_macros
    Feature record: CXX_FEATURE:1cxx_variadic_templates


Detecting CXX [-std=c++98] compiler features compiled with the following output:
Change Dir: /Users/wayne/project/fair-new/fair/android/.cxx/cmake/debug/arm64-v8a/CMakeFiles/CMakeTmp

Run Build Command:"/Users/wayne/Library/Android/sdk/cmake/3.6.4111459/bin/ninja" "cmTC_d19f5"
[1/2] Building CXX object CMakeFiles/cmTC_d19f5.dir/feature_tests.cxx.o
[2/2] Linking CXX executable cmTC_d19f5


    Feature record: CXX_FEATURE:0cxx_aggregate_default_initializers
    Feature record: CXX_FEATURE:0cxx_alias_templates
    Feature record: CXX_FEATURE:0cxx_alignas
    Feature record: CXX_FEATURE:0cxx_alignof
    Feature record: CXX_FEATURE:0cxx_attributes
    Feature record: CXX_FEATURE:0cxx_attribute_deprecated
    Feature record: CXX_FEATURE:0cxx_auto_type
    Feature record: CXX_FEATURE:0cxx_binary_literals
    Feature record: CXX_FEATURE:0cxx_constexpr
    Feature record: CXX_FEATURE:0cxx_contextual_conversions
    Feature record: CXX_FEATURE:0cxx_decltype
    Feature record: CXX_FEATURE:0cxx_decltype_auto
    Feature record: CXX_FEATURE:0cxx_decltype_incomplete_return_types
    Feature record: CXX_FEATURE:0cxx_default_function_template_args
    Feature record: CXX_FEATURE:0cxx_defaulted_functions
    Feature record: CXX_FEATURE:0cxx_defaulted_move_initializers
    Feature record: CXX_FEATURE:0cxx_delegating_constructors
    Feature record: CXX_FEATURE:0cxx_deleted_functions
    Feature record: CXX_FEATURE:0cxx_digit_separators
    Feature record: CXX_FEATURE:0cxx_enum_forward_declarations
    Feature record: CXX_FEATURE:0cxx_explicit_conversions
    Feature record: CXX_FEATURE:0cxx_extended_friend_declarations
    Feature record: CXX_FEATURE:0cxx_extern_templates
    Feature record: CXX_FEATURE:0cxx_final
    Feature record: CXX_FEATURE:0cxx_func_identifier
    Feature record: CXX_FEATURE:0cxx_generalized_initializers
    Feature record: CXX_FEATURE:0cxx_generic_lambdas
    Feature record: CXX_FEATURE:0cxx_inheriting_constructors
    Feature record: CXX_FEATURE:0cxx_inline_namespaces
    Feature record: CXX_FEATURE:0cxx_lambdas
    Feature record: CXX_FEATURE:0cxx_lambda_init_captures
    Feature record: CXX_FEATURE:0cxx_local_type_template_args
    Feature record: CXX_FEATURE:0cxx_long_long_type
    Feature record: CXX_FEATURE:0cxx_noexcept
    Feature record: CXX_FEATURE:0cxx_nonstatic_member_init
    Feature record: CXX_FEATURE:0cxx_nullptr
    Feature record: CXX_FEATURE:0cxx_override
    Feature record: CXX_FEATURE:0cxx_range_for
    Feature record: CXX_FEATURE:0cxx_raw_string_literals
    Feature record: CXX_FEATURE:0cxx_reference_qualified_functions
    Feature record: CXX_FEATURE:0cxx_relaxed_constexpr
    Feature record: CXX_FEATURE:0cxx_return_type_deduction
    Feature record: CXX_FEATURE:0cxx_right_angle_brackets
    Feature record: CXX_FEATURE:0cxx_rvalue_references
    Feature record: CXX_FEATURE:0cxx_sizeof_member
    Feature record: CXX_FEATURE:0cxx_static_assert
    Feature record: CXX_FEATURE:0cxx_strong_enums
    Feature record: CXX_FEATURE:1cxx_template_template_parameters
    Feature record: CXX_FEATURE:0cxx_thread_local
    Feature record: CXX_FEATURE:0cxx_trailing_return_types
    Feature record: CXX_FEATURE:0cxx_unicode_literals
    Feature record: CXX_FEATURE:0cxx_uniform_initialization
    Feature record: CXX_FEATURE:0cxx_unrestricted_unions
    Feature record: CXX_FEATURE:0cxx_user_literals
    Feature record: CXX_FEATURE:0cxx_variable_templates
    Feature record: CXX_FEATURE:0cxx_variadic_macros
    Feature record: CXX_FEATURE:0cxx_variadic_templates
