The target system is: Android - 1 - x86_64
The host system is: Darwin - 20.3.0 - x86_64
Determining if the C compiler works passed with the following output:
Change Dir: /Users/bujie/flutter/dev/fair-new/fair/android/.cxx/cmake/profile/x86_64/CMakeFiles/CMakeTmp

Run Build Command:"/Users/bujie/Library/Android/sdk/cmake/3.6.4111459/bin/ninja" "cmTC_7d11b"
[1/2] Building C object CMakeFiles/cmTC_7d11b.dir/testCCompiler.c.o
[2/2] Linking C executable cmTC_7d11b


Detecting C compiler ABI info compiled with the following output:
Change Dir: /Users/bujie/flutter/dev/fair-new/fair/android/.cxx/cmake/profile/x86_64/CMakeFiles/CMakeTmp

Run Build Command:"/Users/bujie/Library/Android/sdk/cmake/3.6.4111459/bin/ninja" "cmTC_9099e"
[1/2] Building C object CMakeFiles/cmTC_9099e.dir/CMakeCCompilerABI.c.o
[2/2] Linking C executable cmTC_9099e
Android (7155654, based on r399163b1) clang version 11.0.5 (https://android.googlesource.com/toolchain/llvm-project 87f1315dfbea7c137aa2e6d362dbb457e388158d)
Target: x86_64-none-linux-android21
Thread model: posix
InstalledDir: /Users/bujie/Library/Android/sdk/ndk/22.1.7171670/toolchains/llvm/prebuilt/darwin-x86_64/bin
Found candidate GCC installation: /Users/bujie/Library/Android/sdk/ndk/22.1.7171670/toolchains/llvm/prebuilt/darwin-x86_64/lib/gcc/i686-linux-android/4.9.x
Found candidate GCC installation: /Users/bujie/Library/Android/sdk/ndk/22.1.7171670/toolchains/llvm/prebuilt/darwin-x86_64/lib/gcc/x86_64-linux-android/4.9.x
Selected GCC installation: /Users/bujie/Library/Android/sdk/ndk/22.1.7171670/toolchains/llvm/prebuilt/darwin-x86_64/lib/gcc/x86_64-linux-android/4.9.x
Candidate multilib: .;@m64
Selected multilib: .;@m64
 "/Users/bujie/Library/Android/sdk/ndk/22.1.7171670/toolchains/llvm/prebuilt/darwin-x86_64/bin/ld" --sysroot=/Users/bujie/Library/Android/sdk/ndk/22.1.7171670/toolchains/llvm/prebuilt/darwin-x86_64/sysroot -pie -z noexecstack --warn-shared-textrel -z now -z relro --hash-style=both --enable-new-dtags --eh-frame-hdr -m elf_x86_64 -dynamic-linker /system/bin/linker64 -o cmTC_9099e /Users/bujie/Library/Android/sdk/ndk/22.1.7171670/toolchains/llvm/prebuilt/darwin-x86_64/sysroot/usr/lib/x86_64-linux-android/21/crtbegin_dynamic.o -L/Users/bujie/Library/Android/sdk/ndk/22.1.7171670/toolchains/llvm/prebuilt/darwin-x86_64/lib64/clang/11.0.5/lib/linux/x86_64 -L/Users/bujie/Library/Android/sdk/ndk/22.1.7171670/toolchains/llvm/prebuilt/darwin-x86_64/lib/gcc/x86_64-linux-android/4.9.x -L/Users/bujie/Library/Android/sdk/ndk/22.1.7171670/toolchains/llvm/prebuilt/darwin-x86_64/lib/gcc/x86_64-linux-android/4.9.x/../../../../x86_64-linux-android/lib/../lib64 -L/Users/bujie/Library/Android/sdk/ndk/22.1.7171670/toolchains/llvm/prebuilt/darwin-x86_64/sysroot/usr/lib/x86_64-linux-android/21 -L/Users/bujie/Library/Android/sdk/ndk/22.1.7171670/toolchains/llvm/prebuilt/darwin-x86_64/sysroot/usr/lib/x86_64-linux-android -L/Users/bujie/Library/Android/sdk/ndk/22.1.7171670/toolchains/llvm/prebuilt/darwin-x86_64/lib/gcc/x86_64-linux-android/4.9.x/../../../../x86_64-linux-android/lib -L/Users/bujie/Library/Android/sdk/ndk/22.1.7171670/toolchains/llvm/prebuilt/darwin-x86_64/sysroot/usr/lib --exclude-libs libgcc.a --exclude-libs libgcc_real.a --exclude-libs libatomic.a --build-id=sha1 --no-rosegment --fatal-warnings --no-undefined --gc-sections CMakeFiles/cmTC_9099e.dir/CMakeCCompilerABI.c.o -lgcc -ldl -lc -lgcc -ldl /Users/bujie/Library/Android/sdk/ndk/22.1.7171670/toolchains/llvm/prebuilt/darwin-x86_64/sysroot/usr/lib/x86_64-linux-android/21/crtend_android.o


Parsed C implicit link information from above output:
  link line regex: [^( *|.*[/\])(CMAKE_LINKER-NOTFOUND|([^/\]+-)?ld|collect2)[^/\]*( |$)]
  ignore line: [Change Dir: /Users/bujie/flutter/dev/fair-new/fair/android/.cxx/cmake/profile/x86_64/CMakeFiles/CMakeTmp]
  ignore line: []
  ignore line: [Run Build Command:"/Users/bujie/Library/Android/sdk/cmake/3.6.4111459/bin/ninja" "cmTC_9099e"]
  ignore line: [[1/2] Building C object CMakeFiles/cmTC_9099e.dir/CMakeCCompilerABI.c.o]
  ignore line: [[2/2] Linking C executable cmTC_9099e]
  ignore line: [Android (7155654, based on r399163b1) clang version 11.0.5 (https://android.googlesource.com/toolchain/llvm-project 87f1315dfbea7c137aa2e6d362dbb457e388158d)]
  ignore line: [Target: x86_64-none-linux-android21]
  ignore line: [Thread model: posix]
  ignore line: [InstalledDir: /Users/bujie/Library/Android/sdk/ndk/22.1.7171670/toolchains/llvm/prebuilt/darwin-x86_64/bin]
  ignore line: [Found candidate GCC installation: /Users/bujie/Library/Android/sdk/ndk/22.1.7171670/toolchains/llvm/prebuilt/darwin-x86_64/lib/gcc/i686-linux-android/4.9.x]
  ignore line: [Found candidate GCC installation: /Users/bujie/Library/Android/sdk/ndk/22.1.7171670/toolchains/llvm/prebuilt/darwin-x86_64/lib/gcc/x86_64-linux-android/4.9.x]
  ignore line: [Selected GCC installation: /Users/bujie/Library/Android/sdk/ndk/22.1.7171670/toolchains/llvm/prebuilt/darwin-x86_64/lib/gcc/x86_64-linux-android/4.9.x]
  ignore line: [Candidate multilib: .]
  ignore line: [@m64]
  ignore line: [Selected multilib: .]
  ignore line: [@m64]
  link line: [ "/Users/bujie/Library/Android/sdk/ndk/22.1.7171670/toolchains/llvm/prebuilt/darwin-x86_64/bin/ld" --sysroot=/Users/bujie/Library/Android/sdk/ndk/22.1.7171670/toolchains/llvm/prebuilt/darwin-x86_64/sysroot -pie -z noexecstack --warn-shared-textrel -z now -z relro --hash-style=both --enable-new-dtags --eh-frame-hdr -m elf_x86_64 -dynamic-linker /system/bin/linker64 -o cmTC_9099e /Users/bujie/Library/Android/sdk/ndk/22.1.7171670/toolchains/llvm/prebuilt/darwin-x86_64/sysroot/usr/lib/x86_64-linux-android/21/crtbegin_dynamic.o -L/Users/bujie/Library/Android/sdk/ndk/22.1.7171670/toolchains/llvm/prebuilt/darwin-x86_64/lib64/clang/11.0.5/lib/linux/x86_64 -L/Users/bujie/Library/Android/sdk/ndk/22.1.7171670/toolchains/llvm/prebuilt/darwin-x86_64/lib/gcc/x86_64-linux-android/4.9.x -L/Users/bujie/Library/Android/sdk/ndk/22.1.7171670/toolchains/llvm/prebuilt/darwin-x86_64/lib/gcc/x86_64-linux-android/4.9.x/../../../../x86_64-linux-android/lib/../lib64 -L/Users/bujie/Library/Android/sdk/ndk/22.1.7171670/toolchains/llvm/prebuilt/darwin-x86_64/sysroot/usr/lib/x86_64-linux-android/21 -L/Users/bujie/Library/Android/sdk/ndk/22.1.7171670/toolchains/llvm/prebuilt/darwin-x86_64/sysroot/usr/lib/x86_64-linux-android -L/Users/bujie/Library/Android/sdk/ndk/22.1.7171670/toolchains/llvm/prebuilt/darwin-x86_64/lib/gcc/x86_64-linux-android/4.9.x/../../../../x86_64-linux-android/lib -L/Users/bujie/Library/Android/sdk/ndk/22.1.7171670/toolchains/llvm/prebuilt/darwin-x86_64/sysroot/usr/lib --exclude-libs libgcc.a --exclude-libs libgcc_real.a --exclude-libs libatomic.a --build-id=sha1 --no-rosegment --fatal-warnings --no-undefined --gc-sections CMakeFiles/cmTC_9099e.dir/CMakeCCompilerABI.c.o -lgcc -ldl -lc -lgcc -ldl /Users/bujie/Library/Android/sdk/ndk/22.1.7171670/toolchains/llvm/prebuilt/darwin-x86_64/sysroot/usr/lib/x86_64-linux-android/21/crtend_android.o]
    arg [/Users/bujie/Library/Android/sdk/ndk/22.1.7171670/toolchains/llvm/prebuilt/darwin-x86_64/bin/ld] ==> ignore
    arg [--sysroot=/Users/bujie/Library/Android/sdk/ndk/22.1.7171670/toolchains/llvm/prebuilt/darwin-x86_64/sysroot] ==> ignore
    arg [-pie] ==> ignore
    arg [-znoexecstack] ==> ignore
    arg [--warn-shared-textrel] ==> ignore
    arg [-znow] ==> ignore
    arg [-zrelro] ==> ignore
    arg [--hash-style=both] ==> ignore
    arg [--enable-new-dtags] ==> ignore
    arg [--eh-frame-hdr] ==> ignore
    arg [-m] ==> ignore
    arg [elf_x86_64] ==> ignore
    arg [-dynamic-linker] ==> ignore
    arg [/system/bin/linker64] ==> ignore
    arg [-o] ==> ignore
    arg [cmTC_9099e] ==> ignore
    arg [/Users/bujie/Library/Android/sdk/ndk/22.1.7171670/toolchains/llvm/prebuilt/darwin-x86_64/sysroot/usr/lib/x86_64-linux-android/21/crtbegin_dynamic.o] ==> ignore
    arg [-L/Users/bujie/Library/Android/sdk/ndk/22.1.7171670/toolchains/llvm/prebuilt/darwin-x86_64/lib64/clang/11.0.5/lib/linux/x86_64] ==> dir [/Users/bujie/Library/Android/sdk/ndk/22.1.7171670/toolchains/llvm/prebuilt/darwin-x86_64/lib64/clang/11.0.5/lib/linux/x86_64]
    arg [-L/Users/bujie/Library/Android/sdk/ndk/22.1.7171670/toolchains/llvm/prebuilt/darwin-x86_64/lib/gcc/x86_64-linux-android/4.9.x] ==> dir [/Users/bujie/Library/Android/sdk/ndk/22.1.7171670/toolchains/llvm/prebuilt/darwin-x86_64/lib/gcc/x86_64-linux-android/4.9.x]
    arg [-L/Users/bujie/Library/Android/sdk/ndk/22.1.7171670/toolchains/llvm/prebuilt/darwin-x86_64/lib/gcc/x86_64-linux-android/4.9.x/../../../../x86_64-linux-android/lib/../lib64] ==> dir [/Users/bujie/Library/Android/sdk/ndk/22.1.7171670/toolchains/llvm/prebuilt/darwin-x86_64/lib/gcc/x86_64-linux-android/4.9.x/../../../../x86_64-linux-android/lib/../lib64]
    arg [-L/Users/bujie/Library/Android/sdk/ndk/22.1.7171670/toolchains/llvm/prebuilt/darwin-x86_64/sysroot/usr/lib/x86_64-linux-android/21] ==> dir [/Users/bujie/Library/Android/sdk/ndk/22.1.7171670/toolchains/llvm/prebuilt/darwin-x86_64/sysroot/usr/lib/x86_64-linux-android/21]
    arg [-L/Users/bujie/Library/Android/sdk/ndk/22.1.7171670/toolchains/llvm/prebuilt/darwin-x86_64/sysroot/usr/lib/x86_64-linux-android] ==> dir [/Users/bujie/Library/Android/sdk/ndk/22.1.7171670/toolchains/llvm/prebuilt/darwin-x86_64/sysroot/usr/lib/x86_64-linux-android]
    arg [-L/Users/bujie/Library/Android/sdk/ndk/22.1.7171670/toolchains/llvm/prebuilt/darwin-x86_64/lib/gcc/x86_64-linux-android/4.9.x/../../../../x86_64-linux-android/lib] ==> dir [/Users/bujie/Library/Android/sdk/ndk/22.1.7171670/toolchains/llvm/prebuilt/darwin-x86_64/lib/gcc/x86_64-linux-android/4.9.x/../../../../x86_64-linux-android/lib]
    arg [-L/Users/bujie/Library/Android/sdk/ndk/22.1.7171670/toolchains/llvm/prebuilt/darwin-x86_64/sysroot/usr/lib] ==> dir [/Users/bujie/Library/Android/sdk/ndk/22.1.7171670/toolchains/llvm/prebuilt/darwin-x86_64/sysroot/usr/lib]
    arg [--exclude-libs] ==> ignore
    arg [libgcc.a] ==> ignore
    arg [--exclude-libs] ==> ignore
    arg [libgcc_real.a] ==> ignore
    arg [--exclude-libs] ==> ignore
    arg [libatomic.a] ==> ignore
    arg [--build-id=sha1] ==> ignore
    arg [--no-rosegment] ==> ignore
    arg [--fatal-warnings] ==> ignore
    arg [--no-undefined] ==> ignore
    arg [--gc-sections] ==> ignore
    arg [CMakeFiles/cmTC_9099e.dir/CMakeCCompilerABI.c.o] ==> ignore
    arg [-lgcc] ==> lib [gcc]
    arg [-ldl] ==> lib [dl]
    arg [-lc] ==> lib [c]
    arg [-lgcc] ==> lib [gcc]
    arg [-ldl] ==> lib [dl]
    arg [/Users/bujie/Library/Android/sdk/ndk/22.1.7171670/toolchains/llvm/prebuilt/darwin-x86_64/sysroot/usr/lib/x86_64-linux-android/21/crtend_android.o] ==> ignore
  remove lib [gcc]
  remove lib [gcc]
  collapse library dir [/Users/bujie/Library/Android/sdk/ndk/22.1.7171670/toolchains/llvm/prebuilt/darwin-x86_64/lib64/clang/11.0.5/lib/linux/x86_64] ==> [/Users/bujie/Library/Android/sdk/ndk/22.1.7171670/toolchains/llvm/prebuilt/darwin-x86_64/lib64/clang/11.0.5/lib/linux/x86_64]
  collapse library dir [/Users/bujie/Library/Android/sdk/ndk/22.1.7171670/toolchains/llvm/prebuilt/darwin-x86_64/lib/gcc/x86_64-linux-android/4.9.x] ==> [/Users/bujie/Library/Android/sdk/ndk/22.1.7171670/toolchains/llvm/prebuilt/darwin-x86_64/lib/gcc/x86_64-linux-android/4.9.x]
  collapse library dir [/Users/bujie/Library/Android/sdk/ndk/22.1.7171670/toolchains/llvm/prebuilt/darwin-x86_64/lib/gcc/x86_64-linux-android/4.9.x/../../../../x86_64-linux-android/lib/../lib64] ==> [/Users/bujie/Library/Android/sdk/ndk/22.1.7171670/toolchains/llvm/prebuilt/darwin-x86_64/x86_64-linux-android/lib64]
  collapse library dir [/Users/bujie/Library/Android/sdk/ndk/22.1.7171670/toolchains/llvm/prebuilt/darwin-x86_64/sysroot/usr/lib/x86_64-linux-android/21] ==> [/Users/bujie/Library/Android/sdk/ndk/22.1.7171670/toolchains/llvm/prebuilt/darwin-x86_64/sysroot/usr/lib/x86_64-linux-android/21]
  collapse library dir [/Users/bujie/Library/Android/sdk/ndk/22.1.7171670/toolchains/llvm/prebuilt/darwin-x86_64/sysroot/usr/lib/x86_64-linux-android] ==> [/Users/bujie/Library/Android/sdk/ndk/22.1.7171670/toolchains/llvm/prebuilt/darwin-x86_64/sysroot/usr/lib/x86_64-linux-android]
  collapse library dir [/Users/bujie/Library/Android/sdk/ndk/22.1.7171670/toolchains/llvm/prebuilt/darwin-x86_64/lib/gcc/x86_64-linux-android/4.9.x/../../../../x86_64-linux-android/lib] ==> [/Users/bujie/Library/Android/sdk/ndk/22.1.7171670/toolchains/llvm/prebuilt/darwin-x86_64/x86_64-linux-android/lib]
  collapse library dir [/Users/bujie/Library/Android/sdk/ndk/22.1.7171670/toolchains/llvm/prebuilt/darwin-x86_64/sysroot/usr/lib] ==> [/Users/bujie/Library/Android/sdk/ndk/22.1.7171670/toolchains/llvm/prebuilt/darwin-x86_64/sysroot/usr/lib]
  implicit libs: [dl;c;dl]
  implicit dirs: [/Users/bujie/Library/Android/sdk/ndk/22.1.7171670/toolchains/llvm/prebuilt/darwin-x86_64/lib64/clang/11.0.5/lib/linux/x86_64;/Users/bujie/Library/Android/sdk/ndk/22.1.7171670/toolchains/llvm/prebuilt/darwin-x86_64/lib/gcc/x86_64-linux-android/4.9.x;/Users/bujie/Library/Android/sdk/ndk/22.1.7171670/toolchains/llvm/prebuilt/darwin-x86_64/x86_64-linux-android/lib64;/Users/bujie/Library/Android/sdk/ndk/22.1.7171670/toolchains/llvm/prebuilt/darwin-x86_64/sysroot/usr/lib/x86_64-linux-android/21;/Users/bujie/Library/Android/sdk/ndk/22.1.7171670/toolchains/llvm/prebuilt/darwin-x86_64/sysroot/usr/lib/x86_64-linux-android;/Users/bujie/Library/Android/sdk/ndk/22.1.7171670/toolchains/llvm/prebuilt/darwin-x86_64/x86_64-linux-android/lib;/Users/bujie/Library/Android/sdk/ndk/22.1.7171670/toolchains/llvm/prebuilt/darwin-x86_64/sysroot/usr/lib]
  implicit fwks: []




Detecting C [-std=c11] compiler features compiled with the following output:
Change Dir: /Users/bujie/flutter/dev/fair-new/fair/android/.cxx/cmake/profile/x86_64/CMakeFiles/CMakeTmp

Run Build Command:"/Users/bujie/Library/Android/sdk/cmake/3.6.4111459/bin/ninja" "cmTC_da19f"
[1/2] Building C object CMakeFiles/cmTC_da19f.dir/feature_tests.c.o
[2/2] Linking C executable cmTC_da19f


    Feature record: C_FEATURE:1c_function_prototypes
    Feature record: C_FEATURE:1c_restrict
    Feature record: C_FEATURE:1c_static_assert
    Feature record: C_FEATURE:1c_variadic_macros


Detecting C [-std=c99] compiler features compiled with the following output:
Change Dir: /Users/bujie/flutter/dev/fair-new/fair/android/.cxx/cmake/profile/x86_64/CMakeFiles/CMakeTmp

Run Build Command:"/Users/bujie/Library/Android/sdk/cmake/3.6.4111459/bin/ninja" "cmTC_7295c"
[1/2] Building C object CMakeFiles/cmTC_7295c.dir/feature_tests.c.o
[2/2] Linking C executable cmTC_7295c


    Feature record: C_FEATURE:1c_function_prototypes
    Feature record: C_FEATURE:1c_restrict
    Feature record: C_FEATURE:0c_static_assert
    Feature record: C_FEATURE:1c_variadic_macros


Detecting C [-std=c90] compiler features compiled with the following output:
Change Dir: /Users/bujie/flutter/dev/fair-new/fair/android/.cxx/cmake/profile/x86_64/CMakeFiles/CMakeTmp

Run Build Command:"/Users/bujie/Library/Android/sdk/cmake/3.6.4111459/bin/ninja" "cmTC_e7b08"
[1/2] Building C object CMakeFiles/cmTC_e7b08.dir/feature_tests.c.o
[2/2] Linking C executable cmTC_e7b08


    Feature record: C_FEATURE:1c_function_prototypes
    Feature record: C_FEATURE:0c_restrict
    Feature record: C_FEATURE:0c_static_assert
    Feature record: C_FEATURE:0c_variadic_macros
Determining if the CXX compiler works passed with the following output:
Change Dir: /Users/bujie/flutter/dev/fair-new/fair/android/.cxx/cmake/profile/x86_64/CMakeFiles/CMakeTmp

Run Build Command:"/Users/bujie/Library/Android/sdk/cmake/3.6.4111459/bin/ninja" "cmTC_d6cee"
[1/2] Building CXX object CMakeFiles/cmTC_d6cee.dir/testCXXCompiler.cxx.o
[2/2] Linking CXX executable cmTC_d6cee


Detecting CXX compiler ABI info compiled with the following output:
Change Dir: /Users/bujie/flutter/dev/fair-new/fair/android/.cxx/cmake/profile/x86_64/CMakeFiles/CMakeTmp

Run Build Command:"/Users/bujie/Library/Android/sdk/cmake/3.6.4111459/bin/ninja" "cmTC_39e6c"
[1/2] Building CXX object CMakeFiles/cmTC_39e6c.dir/CMakeCXXCompilerABI.cpp.o
[2/2] Linking CXX executable cmTC_39e6c
Android (7155654, based on r399163b1) clang version 11.0.5 (https://android.googlesource.com/toolchain/llvm-project 87f1315dfbea7c137aa2e6d362dbb457e388158d)
Target: x86_64-none-linux-android21
Thread model: posix
InstalledDir: /Users/bujie/Library/Android/sdk/ndk/22.1.7171670/toolchains/llvm/prebuilt/darwin-x86_64/bin
Found candidate GCC installation: /Users/bujie/Library/Android/sdk/ndk/22.1.7171670/toolchains/llvm/prebuilt/darwin-x86_64/lib/gcc/i686-linux-android/4.9.x
Found candidate GCC installation: /Users/bujie/Library/Android/sdk/ndk/22.1.7171670/toolchains/llvm/prebuilt/darwin-x86_64/lib/gcc/x86_64-linux-android/4.9.x
Selected GCC installation: /Users/bujie/Library/Android/sdk/ndk/22.1.7171670/toolchains/llvm/prebuilt/darwin-x86_64/lib/gcc/x86_64-linux-android/4.9.x
Candidate multilib: .;@m64
Selected multilib: .;@m64
 "/Users/bujie/Library/Android/sdk/ndk/22.1.7171670/toolchains/llvm/prebuilt/darwin-x86_64/bin/ld" --sysroot=/Users/bujie/Library/Android/sdk/ndk/22.1.7171670/toolchains/llvm/prebuilt/darwin-x86_64/sysroot -pie -z noexecstack --warn-shared-textrel -z now -z relro --hash-style=both --enable-new-dtags --eh-frame-hdr -m elf_x86_64 -dynamic-linker /system/bin/linker64 -o cmTC_39e6c /Users/bujie/Library/Android/sdk/ndk/22.1.7171670/toolchains/llvm/prebuilt/darwin-x86_64/sysroot/usr/lib/x86_64-linux-android/21/crtbegin_dynamic.o -L/Users/bujie/Library/Android/sdk/ndk/22.1.7171670/toolchains/llvm/prebuilt/darwin-x86_64/lib64/clang/11.0.5/lib/linux/x86_64 -L/Users/bujie/Library/Android/sdk/ndk/22.1.7171670/toolchains/llvm/prebuilt/darwin-x86_64/lib/gcc/x86_64-linux-android/4.9.x -L/Users/bujie/Library/Android/sdk/ndk/22.1.7171670/toolchains/llvm/prebuilt/darwin-x86_64/lib/gcc/x86_64-linux-android/4.9.x/../../../../x86_64-linux-android/lib/../lib64 -L/Users/bujie/Library/Android/sdk/ndk/22.1.7171670/toolchains/llvm/prebuilt/darwin-x86_64/sysroot/usr/lib/x86_64-linux-android/21 -L/Users/bujie/Library/Android/sdk/ndk/22.1.7171670/toolchains/llvm/prebuilt/darwin-x86_64/sysroot/usr/lib/x86_64-linux-android -L/Users/bujie/Library/Android/sdk/ndk/22.1.7171670/toolchains/llvm/prebuilt/darwin-x86_64/lib/gcc/x86_64-linux-android/4.9.x/../../../../x86_64-linux-android/lib -L/Users/bujie/Library/Android/sdk/ndk/22.1.7171670/toolchains/llvm/prebuilt/darwin-x86_64/sysroot/usr/lib --exclude-libs libgcc.a --exclude-libs libgcc_real.a --exclude-libs libatomic.a --build-id=sha1 --no-rosegment --fatal-warnings --no-undefined --gc-sections CMakeFiles/cmTC_39e6c.dir/CMakeCXXCompilerABI.cpp.o -Bstatic -lc++ -Bdynamic -lm -lgcc -ldl -lc -lgcc -ldl /Users/bujie/Library/Android/sdk/ndk/22.1.7171670/toolchains/llvm/prebuilt/darwin-x86_64/sysroot/usr/lib/x86_64-linux-android/21/crtend_android.o


Parsed CXX implicit link information from above output:
  link line regex: [^( *|.*[/\])(CMAKE_LINKER-NOTFOUND|([^/\]+-)?ld|collect2)[^/\]*( |$)]
  ignore line: [Change Dir: /Users/bujie/flutter/dev/fair-new/fair/android/.cxx/cmake/profile/x86_64/CMakeFiles/CMakeTmp]
  ignore line: []
  ignore line: [Run Build Command:"/Users/bujie/Library/Android/sdk/cmake/3.6.4111459/bin/ninja" "cmTC_39e6c"]
  ignore line: [[1/2] Building CXX object CMakeFiles/cmTC_39e6c.dir/CMakeCXXCompilerABI.cpp.o]
  ignore line: [[2/2] Linking CXX executable cmTC_39e6c]
  ignore line: [Android (7155654, based on r399163b1) clang version 11.0.5 (https://android.googlesource.com/toolchain/llvm-project 87f1315dfbea7c137aa2e6d362dbb457e388158d)]
  ignore line: [Target: x86_64-none-linux-android21]
  ignore line: [Thread model: posix]
  ignore line: [InstalledDir: /Users/bujie/Library/Android/sdk/ndk/22.1.7171670/toolchains/llvm/prebuilt/darwin-x86_64/bin]
  ignore line: [Found candidate GCC installation: /Users/bujie/Library/Android/sdk/ndk/22.1.7171670/toolchains/llvm/prebuilt/darwin-x86_64/lib/gcc/i686-linux-android/4.9.x]
  ignore line: [Found candidate GCC installation: /Users/bujie/Library/Android/sdk/ndk/22.1.7171670/toolchains/llvm/prebuilt/darwin-x86_64/lib/gcc/x86_64-linux-android/4.9.x]
  ignore line: [Selected GCC installation: /Users/bujie/Library/Android/sdk/ndk/22.1.7171670/toolchains/llvm/prebuilt/darwin-x86_64/lib/gcc/x86_64-linux-android/4.9.x]
  ignore line: [Candidate multilib: .]
  ignore line: [@m64]
  ignore line: [Selected multilib: .]
  ignore line: [@m64]
  link line: [ "/Users/bujie/Library/Android/sdk/ndk/22.1.7171670/toolchains/llvm/prebuilt/darwin-x86_64/bin/ld" --sysroot=/Users/bujie/Library/Android/sdk/ndk/22.1.7171670/toolchains/llvm/prebuilt/darwin-x86_64/sysroot -pie -z noexecstack --warn-shared-textrel -z now -z relro --hash-style=both --enable-new-dtags --eh-frame-hdr -m elf_x86_64 -dynamic-linker /system/bin/linker64 -o cmTC_39e6c /Users/bujie/Library/Android/sdk/ndk/22.1.7171670/toolchains/llvm/prebuilt/darwin-x86_64/sysroot/usr/lib/x86_64-linux-android/21/crtbegin_dynamic.o -L/Users/bujie/Library/Android/sdk/ndk/22.1.7171670/toolchains/llvm/prebuilt/darwin-x86_64/lib64/clang/11.0.5/lib/linux/x86_64 -L/Users/bujie/Library/Android/sdk/ndk/22.1.7171670/toolchains/llvm/prebuilt/darwin-x86_64/lib/gcc/x86_64-linux-android/4.9.x -L/Users/bujie/Library/Android/sdk/ndk/22.1.7171670/toolchains/llvm/prebuilt/darwin-x86_64/lib/gcc/x86_64-linux-android/4.9.x/../../../../x86_64-linux-android/lib/../lib64 -L/Users/bujie/Library/Android/sdk/ndk/22.1.7171670/toolchains/llvm/prebuilt/darwin-x86_64/sysroot/usr/lib/x86_64-linux-android/21 -L/Users/bujie/Library/Android/sdk/ndk/22.1.7171670/toolchains/llvm/prebuilt/darwin-x86_64/sysroot/usr/lib/x86_64-linux-android -L/Users/bujie/Library/Android/sdk/ndk/22.1.7171670/toolchains/llvm/prebuilt/darwin-x86_64/lib/gcc/x86_64-linux-android/4.9.x/../../../../x86_64-linux-android/lib -L/Users/bujie/Library/Android/sdk/ndk/22.1.7171670/toolchains/llvm/prebuilt/darwin-x86_64/sysroot/usr/lib --exclude-libs libgcc.a --exclude-libs libgcc_real.a --exclude-libs libatomic.a --build-id=sha1 --no-rosegment --fatal-warnings --no-undefined --gc-sections CMakeFiles/cmTC_39e6c.dir/CMakeCXXCompilerABI.cpp.o -Bstatic -lc++ -Bdynamic -lm -lgcc -ldl -lc -lgcc -ldl /Users/bujie/Library/Android/sdk/ndk/22.1.7171670/toolchains/llvm/prebuilt/darwin-x86_64/sysroot/usr/lib/x86_64-linux-android/21/crtend_android.o]
    arg [/Users/bujie/Library/Android/sdk/ndk/22.1.7171670/toolchains/llvm/prebuilt/darwin-x86_64/bin/ld] ==> ignore
    arg [--sysroot=/Users/bujie/Library/Android/sdk/ndk/22.1.7171670/toolchains/llvm/prebuilt/darwin-x86_64/sysroot] ==> ignore
    arg [-pie] ==> ignore
    arg [-znoexecstack] ==> ignore
    arg [--warn-shared-textrel] ==> ignore
    arg [-znow] ==> ignore
    arg [-zrelro] ==> ignore
    arg [--hash-style=both] ==> ignore
    arg [--enable-new-dtags] ==> ignore
    arg [--eh-frame-hdr] ==> ignore
    arg [-m] ==> ignore
    arg [elf_x86_64] ==> ignore
    arg [-dynamic-linker] ==> ignore
    arg [/system/bin/linker64] ==> ignore
    arg [-o] ==> ignore
    arg [cmTC_39e6c] ==> ignore
    arg [/Users/bujie/Library/Android/sdk/ndk/22.1.7171670/toolchains/llvm/prebuilt/darwin-x86_64/sysroot/usr/lib/x86_64-linux-android/21/crtbegin_dynamic.o] ==> ignore
    arg [-L/Users/bujie/Library/Android/sdk/ndk/22.1.7171670/toolchains/llvm/prebuilt/darwin-x86_64/lib64/clang/11.0.5/lib/linux/x86_64] ==> dir [/Users/bujie/Library/Android/sdk/ndk/22.1.7171670/toolchains/llvm/prebuilt/darwin-x86_64/lib64/clang/11.0.5/lib/linux/x86_64]
    arg [-L/Users/bujie/Library/Android/sdk/ndk/22.1.7171670/toolchains/llvm/prebuilt/darwin-x86_64/lib/gcc/x86_64-linux-android/4.9.x] ==> dir [/Users/bujie/Library/Android/sdk/ndk/22.1.7171670/toolchains/llvm/prebuilt/darwin-x86_64/lib/gcc/x86_64-linux-android/4.9.x]
    arg [-L/Users/bujie/Library/Android/sdk/ndk/22.1.7171670/toolchains/llvm/prebuilt/darwin-x86_64/lib/gcc/x86_64-linux-android/4.9.x/../../../../x86_64-linux-android/lib/../lib64] ==> dir [/Users/bujie/Library/Android/sdk/ndk/22.1.7171670/toolchains/llvm/prebuilt/darwin-x86_64/lib/gcc/x86_64-linux-android/4.9.x/../../../../x86_64-linux-android/lib/../lib64]
    arg [-L/Users/bujie/Library/Android/sdk/ndk/22.1.7171670/toolchains/llvm/prebuilt/darwin-x86_64/sysroot/usr/lib/x86_64-linux-android/21] ==> dir [/Users/bujie/Library/Android/sdk/ndk/22.1.7171670/toolchains/llvm/prebuilt/darwin-x86_64/sysroot/usr/lib/x86_64-linux-android/21]
    arg [-L/Users/bujie/Library/Android/sdk/ndk/22.1.7171670/toolchains/llvm/prebuilt/darwin-x86_64/sysroot/usr/lib/x86_64-linux-android] ==> dir [/Users/bujie/Library/Android/sdk/ndk/22.1.7171670/toolchains/llvm/prebuilt/darwin-x86_64/sysroot/usr/lib/x86_64-linux-android]
    arg [-L/Users/bujie/Library/Android/sdk/ndk/22.1.7171670/toolchains/llvm/prebuilt/darwin-x86_64/lib/gcc/x86_64-linux-android/4.9.x/../../../../x86_64-linux-android/lib] ==> dir [/Users/bujie/Library/Android/sdk/ndk/22.1.7171670/toolchains/llvm/prebuilt/darwin-x86_64/lib/gcc/x86_64-linux-android/4.9.x/../../../../x86_64-linux-android/lib]
    arg [-L/Users/bujie/Library/Android/sdk/ndk/22.1.7171670/toolchains/llvm/prebuilt/darwin-x86_64/sysroot/usr/lib] ==> dir [/Users/bujie/Library/Android/sdk/ndk/22.1.7171670/toolchains/llvm/prebuilt/darwin-x86_64/sysroot/usr/lib]
    arg [--exclude-libs] ==> ignore
    arg [libgcc.a] ==> ignore
    arg [--exclude-libs] ==> ignore
    arg [libgcc_real.a] ==> ignore
    arg [--exclude-libs] ==> ignore
    arg [libatomic.a] ==> ignore
    arg [--build-id=sha1] ==> ignore
    arg [--no-rosegment] ==> ignore
    arg [--fatal-warnings] ==> ignore
    arg [--no-undefined] ==> ignore
    arg [--gc-sections] ==> ignore
    arg [CMakeFiles/cmTC_39e6c.dir/CMakeCXXCompilerABI.cpp.o] ==> ignore
    arg [-Bstatic] ==> ignore
    arg [-lc++] ==> lib [c++]
    arg [-Bdynamic] ==> ignore
    arg [-lm] ==> lib [m]
    arg [-lgcc] ==> lib [gcc]
    arg [-ldl] ==> lib [dl]
    arg [-lc] ==> lib [c]
    arg [-lgcc] ==> lib [gcc]
    arg [-ldl] ==> lib [dl]
    arg [/Users/bujie/Library/Android/sdk/ndk/22.1.7171670/toolchains/llvm/prebuilt/darwin-x86_64/sysroot/usr/lib/x86_64-linux-android/21/crtend_android.o] ==> ignore
  remove lib [gcc]
  remove lib [gcc]
  collapse library dir [/Users/bujie/Library/Android/sdk/ndk/22.1.7171670/toolchains/llvm/prebuilt/darwin-x86_64/lib64/clang/11.0.5/lib/linux/x86_64] ==> [/Users/bujie/Library/Android/sdk/ndk/22.1.7171670/toolchains/llvm/prebuilt/darwin-x86_64/lib64/clang/11.0.5/lib/linux/x86_64]
  collapse library dir [/Users/bujie/Library/Android/sdk/ndk/22.1.7171670/toolchains/llvm/prebuilt/darwin-x86_64/lib/gcc/x86_64-linux-android/4.9.x] ==> [/Users/bujie/Library/Android/sdk/ndk/22.1.7171670/toolchains/llvm/prebuilt/darwin-x86_64/lib/gcc/x86_64-linux-android/4.9.x]
  collapse library dir [/Users/bujie/Library/Android/sdk/ndk/22.1.7171670/toolchains/llvm/prebuilt/darwin-x86_64/lib/gcc/x86_64-linux-android/4.9.x/../../../../x86_64-linux-android/lib/../lib64] ==> [/Users/bujie/Library/Android/sdk/ndk/22.1.7171670/toolchains/llvm/prebuilt/darwin-x86_64/x86_64-linux-android/lib64]
  collapse library dir [/Users/bujie/Library/Android/sdk/ndk/22.1.7171670/toolchains/llvm/prebuilt/darwin-x86_64/sysroot/usr/lib/x86_64-linux-android/21] ==> [/Users/bujie/Library/Android/sdk/ndk/22.1.7171670/toolchains/llvm/prebuilt/darwin-x86_64/sysroot/usr/lib/x86_64-linux-android/21]
  collapse library dir [/Users/bujie/Library/Android/sdk/ndk/22.1.7171670/toolchains/llvm/prebuilt/darwin-x86_64/sysroot/usr/lib/x86_64-linux-android] ==> [/Users/bujie/Library/Android/sdk/ndk/22.1.7171670/toolchains/llvm/prebuilt/darwin-x86_64/sysroot/usr/lib/x86_64-linux-android]
  collapse library dir [/Users/bujie/Library/Android/sdk/ndk/22.1.7171670/toolchains/llvm/prebuilt/darwin-x86_64/lib/gcc/x86_64-linux-android/4.9.x/../../../../x86_64-linux-android/lib] ==> [/Users/bujie/Library/Android/sdk/ndk/22.1.7171670/toolchains/llvm/prebuilt/darwin-x86_64/x86_64-linux-android/lib]
  collapse library dir [/Users/bujie/Library/Android/sdk/ndk/22.1.7171670/toolchains/llvm/prebuilt/darwin-x86_64/sysroot/usr/lib] ==> [/Users/bujie/Library/Android/sdk/ndk/22.1.7171670/toolchains/llvm/prebuilt/darwin-x86_64/sysroot/usr/lib]
  implicit libs: [c++;m;dl;c;dl]
  implicit dirs: [/Users/bujie/Library/Android/sdk/ndk/22.1.7171670/toolchains/llvm/prebuilt/darwin-x86_64/lib64/clang/11.0.5/lib/linux/x86_64;/Users/bujie/Library/Android/sdk/ndk/22.1.7171670/toolchains/llvm/prebuilt/darwin-x86_64/lib/gcc/x86_64-linux-android/4.9.x;/Users/bujie/Library/Android/sdk/ndk/22.1.7171670/toolchains/llvm/prebuilt/darwin-x86_64/x86_64-linux-android/lib64;/Users/bujie/Library/Android/sdk/ndk/22.1.7171670/toolchains/llvm/prebuilt/darwin-x86_64/sysroot/usr/lib/x86_64-linux-android/21;/Users/bujie/Library/Android/sdk/ndk/22.1.7171670/toolchains/llvm/prebuilt/darwin-x86_64/sysroot/usr/lib/x86_64-linux-android;/Users/bujie/Library/Android/sdk/ndk/22.1.7171670/toolchains/llvm/prebuilt/darwin-x86_64/x86_64-linux-android/lib;/Users/bujie/Library/Android/sdk/ndk/22.1.7171670/toolchains/llvm/prebuilt/darwin-x86_64/sysroot/usr/lib]
  implicit fwks: []




Detecting CXX [-std=c++14] compiler features compiled with the following output:
Change Dir: /Users/bujie/flutter/dev/fair-new/fair/android/.cxx/cmake/profile/x86_64/CMakeFiles/CMakeTmp

Run Build Command:"/Users/bujie/Library/Android/sdk/cmake/3.6.4111459/bin/ninja" "cmTC_4f5cd"
[1/2] Building CXX object CMakeFiles/cmTC_4f5cd.dir/feature_tests.cxx.o
[2/2] Linking CXX executable cmTC_4f5cd


    Feature record: CXX_FEATURE:1cxx_aggregate_default_initializers
    Feature record: CXX_FEATURE:1cxx_alias_templates
    Feature record: CXX_FEATURE:1cxx_alignas
    Feature record: CXX_FEATURE:1cxx_alignof
    Feature record: CXX_FEATURE:1cxx_attributes
    Feature record: CXX_FEATURE:1cxx_attribute_deprecated
    Feature record: CXX_FEATURE:1cxx_auto_type
    Feature record: CXX_FEATURE:1cxx_binary_literals
    Feature record: CXX_FEATURE:1cxx_constexpr
    Feature record: CXX_FEATURE:1cxx_contextual_conversions
    Feature record: CXX_FEATURE:1cxx_decltype
    Feature record: CXX_FEATURE:1cxx_decltype_auto
    Feature record: CXX_FEATURE:1cxx_decltype_incomplete_return_types
    Feature record: CXX_FEATURE:1cxx_default_function_template_args
    Feature record: CXX_FEATURE:1cxx_defaulted_functions
    Feature record: CXX_FEATURE:1cxx_defaulted_move_initializers
    Feature record: CXX_FEATURE:1cxx_delegating_constructors
    Feature record: CXX_FEATURE:1cxx_deleted_functions
    Feature record: CXX_FEATURE:1cxx_digit_separators
    Feature record: CXX_FEATURE:1cxx_enum_forward_declarations
    Feature record: CXX_FEATURE:1cxx_explicit_conversions
    Feature record: CXX_FEATURE:1cxx_extended_friend_declarations
    Feature record: CXX_FEATURE:1cxx_extern_templates
    Feature record: CXX_FEATURE:1cxx_final
    Feature record: CXX_FEATURE:1cxx_func_identifier
    Feature record: CXX_FEATURE:1cxx_generalized_initializers
    Feature record: CXX_FEATURE:1cxx_generic_lambdas
    Feature record: CXX_FEATURE:1cxx_inheriting_constructors
    Feature record: CXX_FEATURE:1cxx_inline_namespaces
    Feature record: CXX_FEATURE:1cxx_lambdas
    Feature record: CXX_FEATURE:1cxx_lambda_init_captures
    Feature record: CXX_FEATURE:1cxx_local_type_template_args
    Feature record: CXX_FEATURE:1cxx_long_long_type
    Feature record: CXX_FEATURE:1cxx_noexcept
    Feature record: CXX_FEATURE:1cxx_nonstatic_member_init
    Feature record: CXX_FEATURE:1cxx_nullptr
    Feature record: CXX_FEATURE:1cxx_override
    Feature record: CXX_FEATURE:1cxx_range_for
    Feature record: CXX_FEATURE:1cxx_raw_string_literals
    Feature record: CXX_FEATURE:1cxx_reference_qualified_functions
    Feature record: CXX_FEATURE:1cxx_relaxed_constexpr
    Feature record: CXX_FEATURE:1cxx_return_type_deduction
    Feature record: CXX_FEATURE:1cxx_right_angle_brackets
    Feature record: CXX_FEATURE:1cxx_rvalue_references
    Feature record: CXX_FEATURE:1cxx_sizeof_member
    Feature record: CXX_FEATURE:1cxx_static_assert
    Feature record: CXX_FEATURE:1cxx_strong_enums
    Feature record: CXX_FEATURE:1cxx_template_template_parameters
    Feature record: CXX_FEATURE:1cxx_thread_local
    Feature record: CXX_FEATURE:1cxx_trailing_return_types
    Feature record: CXX_FEATURE:1cxx_unicode_literals
    Feature record: CXX_FEATURE:1cxx_uniform_initialization
    Feature record: CXX_FEATURE:1cxx_unrestricted_unions
    Feature record: CXX_FEATURE:1cxx_user_literals
    Feature record: CXX_FEATURE:1cxx_variable_templates
    Feature record: CXX_FEATURE:1cxx_variadic_macros
    Feature record: CXX_FEATURE:1cxx_variadic_templates


Detecting CXX [-std=c++11] compiler features compiled with the following output:
Change Dir: /Users/bujie/flutter/dev/fair-new/fair/android/.cxx/cmake/profile/x86_64/CMakeFiles/CMakeTmp

Run Build Command:"/Users/bujie/Library/Android/sdk/cmake/3.6.4111459/bin/ninja" "cmTC_dc958"
[1/2] Building CXX object CMakeFiles/cmTC_dc958.dir/feature_tests.cxx.o
[2/2] Linking CXX executable cmTC_dc958


    Feature record: CXX_FEATURE:0cxx_aggregate_default_initializers
    Feature record: CXX_FEATURE:1cxx_alias_templates
    Feature record: CXX_FEATURE:1cxx_alignas
    Feature record: CXX_FEATURE:1cxx_alignof
    Feature record: CXX_FEATURE:1cxx_attributes
    Feature record: CXX_FEATURE:0cxx_attribute_deprecated
    Feature record: CXX_FEATURE:1cxx_auto_type
    Feature record: CXX_FEATURE:0cxx_binary_literals
    Feature record: CXX_FEATURE:1cxx_constexpr
    Feature record: CXX_FEATURE:0cxx_contextual_conversions
    Feature record: CXX_FEATURE:1cxx_decltype
    Feature record: CXX_FEATURE:0cxx_decltype_auto
    Feature record: CXX_FEATURE:1cxx_decltype_incomplete_return_types
    Feature record: CXX_FEATURE:1cxx_default_function_template_args
    Feature record: CXX_FEATURE:1cxx_defaulted_functions
    Feature record: CXX_FEATURE:1cxx_defaulted_move_initializers
    Feature record: CXX_FEATURE:1cxx_delegating_constructors
    Feature record: CXX_FEATURE:1cxx_deleted_functions
    Feature record: CXX_FEATURE:0cxx_digit_separators
    Feature record: CXX_FEATURE:1cxx_enum_forward_declarations
    Feature record: CXX_FEATURE:1cxx_explicit_conversions
    Feature record: CXX_FEATURE:1cxx_extended_friend_declarations
    Feature record: CXX_FEATURE:1cxx_extern_templates
    Feature record: CXX_FEATURE:1cxx_final
    Feature record: CXX_FEATURE:1cxx_func_identifier
    Feature record: CXX_FEATURE:1cxx_generalized_initializers
    Feature record: CXX_FEATURE:0cxx_generic_lambdas
    Feature record: CXX_FEATURE:1cxx_inheriting_constructors
    Feature record: CXX_FEATURE:1cxx_inline_namespaces
    Feature record: CXX_FEATURE:1cxx_lambdas
    Feature record: CXX_FEATURE:0cxx_lambda_init_captures
    Feature record: CXX_FEATURE:1cxx_local_type_template_args
    Feature record: CXX_FEATURE:1cxx_long_long_type
    Feature record: CXX_FEATURE:1cxx_noexcept
    Feature record: CXX_FEATURE:1cxx_nonstatic_member_init
    Feature record: CXX_FEATURE:1cxx_nullptr
    Feature record: CXX_FEATURE:1cxx_override
    Feature record: CXX_FEATURE:1cxx_range_for
    Feature record: CXX_FEATURE:1cxx_raw_string_literals
    Feature record: CXX_FEATURE:1cxx_reference_qualified_functions
    Feature record: CXX_FEATURE:0cxx_relaxed_constexpr
    Feature record: CXX_FEATURE:0cxx_return_type_deduction
    Feature record: CXX_FEATURE:1cxx_right_angle_brackets
    Feature record: CXX_FEATURE:1cxx_rvalue_references
    Feature record: CXX_FEATURE:1cxx_sizeof_member
    Feature record: CXX_FEATURE:1cxx_static_assert
    Feature record: CXX_FEATURE:1cxx_strong_enums
    Feature record: CXX_FEATURE:1cxx_template_template_parameters
    Feature record: CXX_FEATURE:1cxx_thread_local
    Feature record: CXX_FEATURE:1cxx_trailing_return_types
    Feature record: CXX_FEATURE:1cxx_unicode_literals
    Feature record: CXX_FEATURE:1cxx_uniform_initialization
    Feature record: CXX_FEATURE:1cxx_unrestricted_unions
    Feature record: CXX_FEATURE:1cxx_user_literals
    Feature record: CXX_FEATURE:0cxx_variable_templates
    Feature record: CXX_FEATURE:1cxx_variadic_macros
    Feature record: CXX_FEATURE:1cxx_variadic_templates


Detecting CXX [-std=c++98] compiler features compiled with the following output:
Change Dir: /Users/bujie/flutter/dev/fair-new/fair/android/.cxx/cmake/profile/x86_64/CMakeFiles/CMakeTmp

Run Build Command:"/Users/bujie/Library/Android/sdk/cmake/3.6.4111459/bin/ninja" "cmTC_e6d77"
[1/2] Building CXX object CMakeFiles/cmTC_e6d77.dir/feature_tests.cxx.o
[2/2] Linking CXX executable cmTC_e6d77


    Feature record: CXX_FEATURE:0cxx_aggregate_default_initializers
    Feature record: CXX_FEATURE:0cxx_alias_templates
    Feature record: CXX_FEATURE:0cxx_alignas
    Feature record: CXX_FEATURE:0cxx_alignof
    Feature record: CXX_FEATURE:0cxx_attributes
    Feature record: CXX_FEATURE:0cxx_attribute_deprecated
    Feature record: CXX_FEATURE:0cxx_auto_type
    Feature record: CXX_FEATURE:0cxx_binary_literals
    Feature record: CXX_FEATURE:0cxx_constexpr
    Feature record: CXX_FEATURE:0cxx_contextual_conversions
    Feature record: CXX_FEATURE:0cxx_decltype
    Feature record: CXX_FEATURE:0cxx_decltype_auto
    Feature record: CXX_FEATURE:0cxx_decltype_incomplete_return_types
    Feature record: CXX_FEATURE:0cxx_default_function_template_args
    Feature record: CXX_FEATURE:0cxx_defaulted_functions
    Feature record: CXX_FEATURE:0cxx_defaulted_move_initializers
    Feature record: CXX_FEATURE:0cxx_delegating_constructors
    Feature record: CXX_FEATURE:0cxx_deleted_functions
    Feature record: CXX_FEATURE:0cxx_digit_separators
    Feature record: CXX_FEATURE:0cxx_enum_forward_declarations
    Feature record: CXX_FEATURE:0cxx_explicit_conversions
    Feature record: CXX_FEATURE:0cxx_extended_friend_declarations
    Feature record: CXX_FEATURE:0cxx_extern_templates
    Feature record: CXX_FEATURE:0cxx_final
    Feature record: CXX_FEATURE:0cxx_func_identifier
    Feature record: CXX_FEATURE:0cxx_generalized_initializers
    Feature record: CXX_FEATURE:0cxx_generic_lambdas
    Feature record: CXX_FEATURE:0cxx_inheriting_constructors
    Feature record: CXX_FEATURE:0cxx_inline_namespaces
    Feature record: CXX_FEATURE:0cxx_lambdas
    Feature record: CXX_FEATURE:0cxx_lambda_init_captures
    Feature record: CXX_FEATURE:0cxx_local_type_template_args
    Feature record: CXX_FEATURE:0cxx_long_long_type
    Feature record: CXX_FEATURE:0cxx_noexcept
    Feature record: CXX_FEATURE:0cxx_nonstatic_member_init
    Feature record: CXX_FEATURE:0cxx_nullptr
    Feature record: CXX_FEATURE:0cxx_override
    Feature record: CXX_FEATURE:0cxx_range_for
    Feature record: CXX_FEATURE:0cxx_raw_string_literals
    Feature record: CXX_FEATURE:0cxx_reference_qualified_functions
    Feature record: CXX_FEATURE:0cxx_relaxed_constexpr
    Feature record: CXX_FEATURE:0cxx_return_type_deduction
    Feature record: CXX_FEATURE:0cxx_right_angle_brackets
    Feature record: CXX_FEATURE:0cxx_rvalue_references
    Feature record: CXX_FEATURE:0cxx_sizeof_member
    Feature record: CXX_FEATURE:0cxx_static_assert
    Feature record: CXX_FEATURE:0cxx_strong_enums
    Feature record: CXX_FEATURE:1cxx_template_template_parameters
    Feature record: CXX_FEATURE:0cxx_thread_local
    Feature record: CXX_FEATURE:0cxx_trailing_return_types
    Feature record: CXX_FEATURE:0cxx_unicode_literals
    Feature record: CXX_FEATURE:0cxx_uniform_initialization
    Feature record: CXX_FEATURE:0cxx_unrestricted_unions
    Feature record: CXX_FEATURE:0cxx_user_literals
    Feature record: CXX_FEATURE:0cxx_variable_templates
    Feature record: CXX_FEATURE:0cxx_variadic_macros
    Feature record: CXX_FEATURE:0cxx_variadic_templates
